{
  "stats": {
    "suites": 1,
    "tests": 10,
    "passes": 9,
    "pending": 0,
    "failures": 1,
    "start": "2020-06-26T20:08:39.794Z",
    "end": "2020-06-26T20:17:29.333Z",
    "duration": 529539,
    "testsRegistered": 10,
    "passPercent": 90,
    "pendingPercent": 0,
    "other": 0,
    "hasOther": false,
    "skipped": 0,
    "hasSkipped": false
  },
  "results": [
    {
      "uuid": "008e7309-c278-4ff3-a46a-991cf334cf4e",
      "title": "",
      "fullFile": "cypress\\integration\\Random\\trackwithus.spec.js",
      "file": "cypress\\integration\\Random\\trackwithus.spec.js",
      "beforeHooks": [],
      "afterHooks": [],
      "tests": [],
      "suites": [
        {
          "uuid": "74c7f90f-3527-45f0-88c3-91fd26df1bd2",
          "title": "Testing of TRACKWITHUS WEB",
          "fullFile": "",
          "file": "",
          "beforeHooks": [],
          "afterHooks": [],
          "tests": [
            {
              "title": "Login to the Application",
              "fullTitle": "Testing of TRACKWITHUS WEB Login to the Application",
              "timedOut": null,
              "duration": 74338,
              "state": "passed",
              "speed": "slow",
              "pass": true,
              "fail": false,
              "pending": false,
              "context": null,
              "code": "cy.wait(7000);\ncy.get('img');\ncy.contains('TrackWithUs');\ncy.contains('Dashboard');\ncy.wait(2000);\ncy.get('li.active > .text-primary').click();",
              "err": {},
              "uuid": "b7e65c67-4e97-428e-953c-c060b6d2e7fe",
              "parentUUID": "74c7f90f-3527-45f0-88c3-91fd26df1bd2",
              "isHook": false,
              "skipped": false
            },
            {
              "title": " View Report Field Module",
              "fullTitle": "Testing of TRACKWITHUS WEB  View Report Field Module",
              "timedOut": null,
              "duration": 54200,
              "state": "passed",
              "speed": "slow",
              "pass": true,
              "fail": false,
              "pending": false,
              "context": null,
              "code": "cy.contains('Field Reports');\ncy.get('#fieldReports > .subnav-item').click({\n  force: true\n});\ncy.wait(5000);\ncy.contains('Existing Field Reports');\ncy.wait(4000);\ncy.get(':nth-child(1) > :nth-child(7) > #editReport').click({\n  force: true\n});\ncy.wait(5000);\ncy.contains('View Report');\ncy.wait(5000);\ncy.contains('Close');\ncy.get('#processFormModal > .modal-dialog > .modal-content > .modal-footer > .btn-custom-red').click({\n  force: true\n});\ncy.wait(2000);\ncy.contains('Existing Field Reports');",
              "err": {},
              "uuid": "38a67af6-63b4-4587-85bc-300ff0e99577",
              "parentUUID": "74c7f90f-3527-45f0-88c3-91fd26df1bd2",
              "isHook": false,
              "skipped": false
            },
            {
              "title": "Search Field Report",
              "fullTitle": "Testing of TRACKWITHUS WEB Search Field Report",
              "timedOut": null,
              "duration": 40686,
              "state": "passed",
              "speed": "slow",
              "pass": true,
              "fail": false,
              "pending": false,
              "context": null,
              "code": "cy.wait(2000);\ncy.contains('Field Reports');\ncy.get('#fieldReports > .subnav-item').click({\n  force: true\n});\ncy.wait(5000);\ncy.contains('Existing Field Reports');\ncy.contains('Search');\ncy.get('.app-search > .form-control').type('National Home Grown School Feeding Programme');\ncy.wait(5000);\ncy.contains('Existing Field Reports');",
              "err": {},
              "uuid": "87b8813a-7401-40a7-8659-a78c507e97e2",
              "parentUUID": "74c7f90f-3527-45f0-88c3-91fd26df1bd2",
              "isHook": false,
              "skipped": false
            },
            {
              "title": "View Field Report Template",
              "fullTitle": "Testing of TRACKWITHUS WEB View Field Report Template",
              "timedOut": null,
              "duration": 56741,
              "state": "passed",
              "speed": "slow",
              "pass": true,
              "fail": false,
              "pending": false,
              "context": null,
              "code": "cy.wait(2000);\ncy.contains('Field Report Template');\ncy.get('#fieldReportTemplates > .subnav-item').click({\n  force: true\n});\ncy.wait(5000);\ncy.contains('Existing Report Templates');\ncy.wait(5000);\ncy.get('#cloneAuthoredForm22').click({\n  force: true\n});\ncy.wait(5000);\ncy.contains('Field Report Template');\ncy.wait(5000);\ncy.contains('Save');\ncy.get('#saveFieldReport').click({\n  force: true\n});\ncy.wait(2000);\ncy.contains('Existing Report Templates');",
              "err": {},
              "uuid": "91924953-9022-4e8b-9c99-6d0ecb0a48f8",
              "parentUUID": "74c7f90f-3527-45f0-88c3-91fd26df1bd2",
              "isHook": false,
              "skipped": false
            },
            {
              "title": "View and Search Social Programs Admin",
              "fullTitle": "Testing of TRACKWITHUS WEB View and Search Social Programs Admin",
              "timedOut": null,
              "duration": 55175,
              "state": "passed",
              "speed": "slow",
              "pass": true,
              "fail": false,
              "pending": false,
              "context": null,
              "code": "cy.contains('Social Programs Admin');\ncy.get('#socialProgramsAdmin > .subnav-item').click({\n  force: true\n});\ncy.wait(5000);\ncy.contains('Manage Social Programmes');\ncy.contains('Manage Business Indicators');\ncy.contains('Add Social Programme');\ncy.get('#createProgramme').click({\n  force: true\n});\ncy.contains('Add Programme & Cluster Form');\ncy.wait(2000);\ncy.get('.programme-form-modal > .modal-dialog > .modal-content > .modal-footer > .btn-custom-red').click({\n  force: true\n});\ncy.wait(5000);\ncy.contains('Add Social Programme');\ncy.wait(5000);\ncy.get('.app-search > .form-control').type('Test VGG').click();",
              "err": {},
              "uuid": "d0580d16-6338-4687-a8e2-66956bc9e324",
              "parentUUID": "74c7f90f-3527-45f0-88c3-91fd26df1bd2",
              "isHook": false,
              "skipped": false
            },
            {
              "title": "View Issues Management",
              "fullTitle": "Testing of TRACKWITHUS WEB View Issues Management",
              "timedOut": null,
              "duration": 43304,
              "state": "passed",
              "speed": "slow",
              "pass": true,
              "fail": false,
              "pending": false,
              "context": null,
              "code": "cy.contains('Issue Management');\ncy.get('#issuesManagement > .subnav-item').click({\n  force: true\n});\ncy.wait(5000);\ncy.contains('Reported Issues');\ncy.get(':nth-child(1) > .subnav-item').click();",
              "err": {},
              "uuid": "cb2a3932-b1c2-4554-9dc0-f4cb82532514",
              "parentUUID": "74c7f90f-3527-45f0-88c3-91fd26df1bd2",
              "isHook": false,
              "skipped": false
            },
            {
              "title": "View People Performance And Search",
              "fullTitle": "Testing of TRACKWITHUS WEB View People Performance And Search",
              "timedOut": null,
              "duration": 38270,
              "state": "passed",
              "speed": "slow",
              "pass": true,
              "fail": false,
              "pending": false,
              "context": null,
              "code": "cy.contains('People Performance');\ncy.get('#peoplePerformance > .subnav-item').click({\n  force: true\n});\ncy.wait(5000);\ncy.contains('Performance Analysis');\ncy.get('.app-search > .form-control').type(\"NSIP-MONITOR-1603\");\ncy.contains('Showing 1 to 1 of 1 entries');",
              "err": {},
              "uuid": "dc4494c7-0ee3-44c2-968e-e7321c9ab6a1",
              "parentUUID": "74c7f90f-3527-45f0-88c3-91fd26df1bd2",
              "isHook": false,
              "skipped": false
            },
            {
              "title": "Filter Report Comparison",
              "fullTitle": "Testing of TRACKWITHUS WEB Filter Report Comparison",
              "timedOut": null,
              "duration": 47271,
              "state": "passed",
              "speed": "slow",
              "pass": true,
              "fail": false,
              "pending": false,
              "context": null,
              "code": "cy.wait(2000);\ncy.get('img');\ncy.wait(2000);\ncy.contains('TrackWithUs');\ncy.contains('Dashboard');\ncy.contains('Report Comparison');\ncy.get('#reportComparison > .subnav-item').click({\n  force: true\n});\ncy.wait(5000);\ncy.contains('Report Comparison Data');\ncy.get('#filterGrid').click();\ncy.get('#program').select('National Home Grown School Feeding Programme').should('have.value', '4');\ncy.get('#selected_month').select('March').should('have.value', '3');\ncy.get('#selected_year').select('2020');\ncy.get('#filterForm').click();\ncy.wait(6000);\ncy.contains('Report Comparison Data');\ncy.contains('Showing 1 to 1 of 1 entries');",
              "err": {},
              "uuid": "c4240f5c-7fca-45c7-a6b6-469c4b95f6f7",
              "parentUUID": "74c7f90f-3527-45f0-88c3-91fd26df1bd2",
              "isHook": false,
              "skipped": false
            },
            {
              "title": "Edit User role",
              "fullTitle": "Testing of TRACKWITHUS WEB Edit User role",
              "timedOut": null,
              "duration": 45669,
              "state": "passed",
              "speed": "slow",
              "pass": true,
              "fail": false,
              "pending": false,
              "context": null,
              "code": "cy.contains('Admin');\ncy.get('#userAdmin > .subnav-item').click({\n  force: true\n});\ncy.wait(2000);\ncy.contains('Manage User Roles');\ncy.contains('Manage Users');\ncy.contains('Manage Devices');\ncy.wait(1000);\ncy.contains('Existing Roles');\ncy.get(':nth-child(1) > :nth-child(4) > #editRole').click({\n  force: true\n});\ncy.wait(2000);\ncy.contains('Close');\ncy.get('.container-fluid > .modal > .modal-dialog > .modal-content > .modal-footer > .btn-custom-red').click({\n  force: true\n});\ncy.contains('Existing Role');\ncy.wait(1000);\ncy.contains('Role Name');\ncy.get(':nth-child(1) > :nth-child(4) > #editRole').click({\n  force: true\n});\ncy.wait(2000);\ncy.contains('Close');\ncy.get('.container-fluid > .modal > .modal-dialog > .modal-content > .modal-footer > .btn-custom-red').click({\n  force: true\n});\ncy.contains('Existing Role');",
              "err": {},
              "uuid": "b7005efc-0efa-4278-bf90-bb83ec324a70",
              "parentUUID": "74c7f90f-3527-45f0-88c3-91fd26df1bd2",
              "isHook": false,
              "skipped": false
            },
            {
              "title": "Edit A user",
              "fullTitle": "Testing of TRACKWITHUS WEB Edit A user",
              "timedOut": null,
              "duration": 56303,
              "state": "failed",
              "speed": null,
              "pass": false,
              "fail": true,
              "pending": false,
              "context": null,
              "code": "cy.contains('Admin');\ncy.get('#userAdmin > .subnav-item').click({\n  force: true\n});\ncy.wait(1000);\ncy.contains('Manage Users');\ncy.get('#sidenavManageUser > .sidenav-item').click({\n  force: true\n});\ncy.wait(5000);\ncy.contains('Full Name');\ncy.get(':nth-child(1) > :nth-child(7) > #editUser').click({\n  force: true\n});\ncy.wait(2000);\ncy.get('#MiddleName').clear().type('Gof');\ncy.wait(1000);\ncy.wait(2000);\ncy.get('#submitForm').click({\n  force: true\n});\ncy.contains('Submit');\ncy.wait(5000);\ncy.contains('Add User');\ncy.wait(2000);\ncy.get('#user').click();\ncy.wait(5000);\ncy.get(':nth-child(4) > .text-danger').click({\n  force: true\n});",
              "err": {
                "message": "CypressError: Timed out retrying: `cy.click()` failed because this element is not visible:\n\n`<span id=\"user\" class=\"img-circle user-img\">VT</span>`\n\nThis element `<span#user.img-circle.user-img>` is not visible because it has CSS property: `position: fixed` and it's being covered by another element:\n\n`<div class=\"modal fade userMgt-modal in\" tabindex=\"-1\" role=\"dialog\" aria-labelledby=\"userMgtModal\" aria-hidden=\"true\" style=\"display: block;\">...</div>`\n\nFix this problem, or use `{force: true}` to disable error checking.\n\nhttps://on.cypress.io/element-cannot-be-interacted-with",
                "estack": "CypressError: Timed out retrying: `cy.click()` failed because this element is not visible:\n\n`<span id=\"user\" class=\"img-circle user-img\">VT</span>`\n\nThis element `<span#user.img-circle.user-img>` is not visible because it has CSS property: `position: fixed` and it's being covered by another element:\n\n`<div class=\"modal fade userMgt-modal in\" tabindex=\"-1\" role=\"dialog\" aria-labelledby=\"userMgtModal\" aria-hidden=\"true\" style=\"display: block;\">...</div>`\n\nFix this problem, or use `{force: true}` to disable error checking.\n\nhttps://on.cypress.io/element-cannot-be-interacted-with\n    at Object.ensureVisibility (http://trackwithus.staging.vggdev.com/__cypress/runner/cypress_runner.js:148505:24)\n    at runAllChecks (http://trackwithus.staging.vggdev.com/__cypress/runner/cypress_runner.js:137846:14)\n    at retryActionability (http://trackwithus.staging.vggdev.com/__cypress/runner/cypress_runner.js:137889:16)\n    at tryCatcher (http://trackwithus.staging.vggdev.com/__cypress/runner/cypress_runner.js:10384:23)\n    at Function.Promise.attempt.Promise.try (http://trackwithus.staging.vggdev.com/__cypress/runner/cypress_runner.js:7658:29)\n    at tryFn (http://trackwithus.staging.vggdev.com/__cypress/runner/cypress_runner.js:151745:24)\n    at whenStable (http://trackwithus.staging.vggdev.com/__cypress/runner/cypress_runner.js:151786:12)\n    at http://trackwithus.staging.vggdev.com/__cypress/runner/cypress_runner.js:151309:16\n    at tryCatcher (http://trackwithus.staging.vggdev.com/__cypress/runner/cypress_runner.js:10384:23)\n    at Promise._settlePromiseFromHandler (http://trackwithus.staging.vggdev.com/__cypress/runner/cypress_runner.js:8319:31)\n    at Promise._settlePromise (http://trackwithus.staging.vggdev.com/__cypress/runner/cypress_runner.js:8376:18)\n    at Promise._settlePromise0 (http://trackwithus.staging.vggdev.com/__cypress/runner/cypress_runner.js:8421:10)\n    at Promise._settlePromises (http://trackwithus.staging.vggdev.com/__cypress/runner/cypress_runner.js:8501:18)\n    at Promise._fulfill (http://trackwithus.staging.vggdev.com/__cypress/runner/cypress_runner.js:8445:18)\n    at http://trackwithus.staging.vggdev.com/__cypress/runner/cypress_runner.js:10059:46\nFrom Your Spec Code:\n    at Context.eval (http://trackwithus.staging.vggdev.com/__cypress/tests?p=cypress\\integration\\Random\\trackwithus.spec.js:208:21)",
                "diff": null
              },
              "uuid": "11a80088-3abb-4433-bed6-343cb4122740",
              "parentUUID": "74c7f90f-3527-45f0-88c3-91fd26df1bd2",
              "isHook": false,
              "skipped": false
            }
          ],
          "suites": [],
          "passes": [
            "b7e65c67-4e97-428e-953c-c060b6d2e7fe",
            "38a67af6-63b4-4587-85bc-300ff0e99577",
            "87b8813a-7401-40a7-8659-a78c507e97e2",
            "91924953-9022-4e8b-9c99-6d0ecb0a48f8",
            "d0580d16-6338-4687-a8e2-66956bc9e324",
            "cb2a3932-b1c2-4554-9dc0-f4cb82532514",
            "dc4494c7-0ee3-44c2-968e-e7321c9ab6a1",
            "c4240f5c-7fca-45c7-a6b6-469c4b95f6f7",
            "b7005efc-0efa-4278-bf90-bb83ec324a70"
          ],
          "failures": [
            "11a80088-3abb-4433-bed6-343cb4122740"
          ],
          "pending": [],
          "skipped": [],
          "duration": 511957,
          "root": false,
          "rootEmpty": false,
          "_timeout": 2000
        }
      ],
      "passes": [],
      "failures": [],
      "pending": [],
      "skipped": [],
      "duration": 0,
      "root": true,
      "rootEmpty": true,
      "_timeout": 2000
    }
  ],
  "meta": {
    "mocha": {
      "version": "7.0.1"
    },
    "mochawesome": {
      "options": {
        "quiet": true,
        "reportFilename": "mochawesome",
        "saveHtml": false,
        "saveJson": true,
        "consoleReporter": "spec",
        "useInlineDiffs": false
      },
      "version": "4.1.0"
    },
    "marge": {
      "options": {
        "id": "default",
        "reportDir": "cypress/reports/mocha",
        "quiet": true,
        "overwrite": false,
        "html": false,
        "json": true
      },
      "version": "4.1.0"
    }
  }
}