{
  "stats": {
    "suites": 1,
    "tests": 1,
    "passes": 0,
    "pending": 0,
    "failures": 1,
    "start": "2020-06-26T20:03:41.304Z",
    "end": "2020-06-26T20:04:57.730Z",
    "duration": 76426,
    "testsRegistered": 1,
    "passPercent": 0,
    "pendingPercent": 0,
    "other": 0,
    "hasOther": false,
    "skipped": 0,
    "hasSkipped": false
  },
  "results": [
    {
      "uuid": "25790788-d242-4e1d-a7f9-4f9ff8e9ca4a",
      "title": "",
      "fullFile": "cypress\\integration\\cbrtest\\loginlogout.spec.js",
      "file": "cypress\\integration\\cbrtest\\loginlogout.spec.js",
      "beforeHooks": [],
      "afterHooks": [],
      "tests": [],
      "suites": [
        {
          "uuid": "ad4de13c-12a2-4694-86f2-a3fa1a0c4b9f",
          "title": "Testing CBR Web",
          "fullFile": "",
          "file": "",
          "beforeHooks": [],
          "afterHooks": [],
          "tests": [
            {
              "title": "Login Application",
              "fullTitle": "Testing CBR Web Login Application",
              "timedOut": null,
              "duration": 63831,
              "state": "failed",
              "speed": null,
              "pass": false,
              "fail": true,
              "pending": false,
              "context": null,
              "code": "cy.visit(\"https://cbr.test.vggdev.com\");\ncy.get('#exampleInputEmail').type(\"marky@mailinator.com\");\ncy.get('#exampleInputPassword').type(\"P@ssword21\");\ncy.get('#loginButton').click();\ncy.wait(9000);\ncy.url().should(\"include\", \"/home/dashboard\");\ncy.wait(8000);\ncy.contains('Dashboard');\ncy.contains('National Beneficiaries');\ncy.get('.navbar-collapse > .navbar-nav > .nav-item > .nav-link');\ncy.contains('Marky Tacky'); //Click View Organisation\ncy.wait(5000); //User then Log Out\ncy.get('.navbar-collapse > .navbar-nav > .nav-item > .nav-link').click();\ncy.wait(1000);\ncy.contains('Logout');\ncy.get('.dropdown-user > :nth-child(5) > a').click({\n  force: true\n});\ncy.wait(2000);\ncy.contains('Forgot Password');",
              "err": {
                "message": "CypressError: Timed out after waiting `60000ms` for your remote page to load.\n\nYour page did not fire its `load` event within `60000ms`.\n\nYou can try increasing the `pageLoadTimeout` value in `cypress.json` to wait longer.\n\nBrowsers will not fire the `load` event until all stylesheets and scripts are done downloading.\n\nWhen this `load` event occurs, Cypress will continue running commands.",
                "estack": "CypressError: Timed out after waiting `60000ms` for your remote page to load.\n\nYour page did not fire its `load` event within `60000ms`.\n\nYou can try increasing the `pageLoadTimeout` value in `cypress.json` to wait longer.\n\nBrowsers will not fire the `load` event until all stylesheets and scripts are done downloading.\n\nWhen this `load` event occurs, Cypress will continue running commands.\n    at timedOutWaitingForPageLoad (https://cbr.test.vggdev.com/__cypress/runner/cypress_runner.js:144463:13)\n    at https://cbr.test.vggdev.com/__cypress/runner/cypress_runner.js:145424:16\n    at tryCatcher (https://cbr.test.vggdev.com/__cypress/runner/cypress_runner.js:10384:23)\n    at https://cbr.test.vggdev.com/__cypress/runner/cypress_runner.js:5506:41\n    at tryCatcher (https://cbr.test.vggdev.com/__cypress/runner/cypress_runner.js:10384:23)\n    at Promise._settlePromiseFromHandler (https://cbr.test.vggdev.com/__cypress/runner/cypress_runner.js:8319:31)\n    at Promise._settlePromise (https://cbr.test.vggdev.com/__cypress/runner/cypress_runner.js:8376:18)\n    at Promise._settlePromise0 (https://cbr.test.vggdev.com/__cypress/runner/cypress_runner.js:8421:10)\n    at Promise._settlePromises (https://cbr.test.vggdev.com/__cypress/runner/cypress_runner.js:8497:18)\n    at _drainQueueStep (https://cbr.test.vggdev.com/__cypress/runner/cypress_runner.js:5091:12)\n    at _drainQueue (https://cbr.test.vggdev.com/__cypress/runner/cypress_runner.js:5084:9)\n    at Async.../../node_modules/bluebird/js/release/async.js.Async._drainQueues (https://cbr.test.vggdev.com/__cypress/runner/cypress_runner.js:5100:5)\n    at Async.drainQueues (https://cbr.test.vggdev.com/__cypress/runner/cypress_runner.js:4970:14)\nFrom Your Spec Code:\n    at Context.eval (https://cbr.test.vggdev.com/__cypress/tests?p=cypress\\integration\\cbrtest\\loginlogout.spec.js:7:8)",
                "diff": null
              },
              "uuid": "82e3c17b-c7ce-4808-844b-6ee9e45cc48d",
              "parentUUID": "ad4de13c-12a2-4694-86f2-a3fa1a0c4b9f",
              "isHook": false,
              "skipped": false
            }
          ],
          "suites": [],
          "passes": [],
          "failures": [
            "82e3c17b-c7ce-4808-844b-6ee9e45cc48d"
          ],
          "pending": [],
          "skipped": [],
          "duration": 63831,
          "root": false,
          "rootEmpty": false,
          "_timeout": 2000
        }
      ],
      "passes": [],
      "failures": [],
      "pending": [],
      "skipped": [],
      "duration": 0,
      "root": true,
      "rootEmpty": true,
      "_timeout": 2000
    }
  ],
  "meta": {
    "mocha": {
      "version": "7.0.1"
    },
    "mochawesome": {
      "options": {
        "quiet": true,
        "reportFilename": "mochawesome",
        "saveHtml": false,
        "saveJson": true,
        "consoleReporter": "spec",
        "useInlineDiffs": false
      },
      "version": "4.1.0"
    },
    "marge": {
      "options": {
        "id": "default",
        "reportDir": "cypress/reports/mocha",
        "quiet": true,
        "overwrite": false,
        "html": false,
        "json": true
      },
      "version": "4.1.0"
    }
  }
}