{
  "stats": {
    "suites": 1,
    "tests": 1,
    "passes": 0,
    "pending": 0,
    "failures": 1,
    "start": "2020-05-13T09:40:45.717Z",
    "end": "2020-05-13T09:41:29.129Z",
    "duration": 43412,
    "testsRegistered": 1,
    "passPercent": 0,
    "pendingPercent": 0,
    "other": 0,
    "hasOther": false,
    "skipped": 0,
    "hasSkipped": false
  },
  "results": [
    {
      "uuid": "58b4fae2-a0b4-496f-8ec4-266ab3273ef4",
      "title": "",
      "fullFile": "cypress\\integration\\TrackWithUs\\createuser.spec.js",
      "file": "cypress\\integration\\TrackWithUs\\createuser.spec.js",
      "beforeHooks": [],
      "afterHooks": [],
      "tests": [],
      "suites": [
        {
          "uuid": "670839d2-cd23-4391-8788-026ebd526de7",
          "title": "Testing of TRACKWITHUS WEB",
          "fullFile": "",
          "file": "",
          "beforeHooks": [],
          "afterHooks": [],
          "tests": [
            {
              "title": "Click Admin and create User",
              "fullTitle": "Testing of TRACKWITHUS WEB Click Admin and create User",
              "timedOut": null,
              "duration": 43331,
              "state": "failed",
              "speed": null,
              "pass": false,
              "fail": true,
              "pending": false,
              "context": null,
              "code": "cy.visit(\"http://trackwithus.test.vggdev.com/\");\ncy.url().should(\"include\", \"/account/login\");\ncy.get('#Email').type('blip@mailinator.com');\ncy.get('#Password').type('P@ssword1');\ncy.get(':nth-child(4) > button').click({\n  force: true\n});\ncy.wait(9000);\ncy.contains('Admin');\ncy.get('#userAdmin > .subnav-item').click({\n  force: true\n});\ncy.contains('Manage Users');\ncy.get(':nth-child(2) > .sidenav-item').click({\n  force: true\n});\ncy.wait(800);\ncy.contains('Add User');\ncy.get('#createUser').click({\n  force: true\n});\ncy.wait(800);\ncy.get('#FirstName').type('QAT');\ncy.wait(50);\ncy.get('#LastName').type('Train');\ncy.get('#Email').type('cypt31@qa.com');\ncy.get('#Password').type('P@ssword1');\ncy.get('#ConfirmPassword').type('P@ssword1');\ncy.get('#Mobile').type('08022741823');\ncy.wait(5000);\ncy.get('#selectedUserRoleName').select(\"GSV ME\").should('have.value', '59');\ncy.wait(5000);\ncy.contains('Check All');\ncy.get('#checkAll').click({\n  force: true\n});\ncy.wait(500);\ncy.get('#SelectedState').select('Adamawa State').should('have.value', '3');\ncy.contains('Required Submissions Frequency');\ncy.get('#required_submissions_frequency').select('Monthly').should('have.value', '3');\ncy.get('#submitForm').click({\n  force: true\n});\ncy.contains('Existing Users');",
              "err": {
                "message": "CypressError: `cy.visit()` failed trying to load:\n\nhttp://trackwithus.test.vggdev.com/\n\nWe attempted to make an http request to this URL but the request failed without a response.\n\nWe received this error at the network level:\n\n  > Error: connect ETIMEDOUT 154.113.17.145:80\n\nCommon situations why this would fail:\n  - you don't have internet access\n  - you forgot to run / boot your web server\n  - your web server isn't accessible\n  - you have weird network configuration settings on your computer\n\nThe stack trace for this error is:\n\nError: connect ETIMEDOUT 154.113.17.145:80\n    at TCPConnectWrap.afterConnect [as oncomplete] (net.js:1128:14)\n",
                "estack": "CypressError: `cy.visit()` failed trying to load:\n\nhttp://trackwithus.test.vggdev.com/\n\nWe attempted to make an http request to this URL but the request failed without a response.\n\nWe received this error at the network level:\n\n  > Error: connect ETIMEDOUT 154.113.17.145:80\n\nCommon situations why this would fail:\n  - you don't have internet access\n  - you forgot to run / boot your web server\n  - your web server isn't accessible\n  - you have weird network configuration settings on your computer\n\nThe stack trace for this error is:\n\nError: connect ETIMEDOUT 154.113.17.145:80\n    at TCPConnectWrap.afterConnect [as oncomplete] (net.js:1128:14)\n\n",
                "diff": null
              },
              "uuid": "0743cb6e-8091-4cb1-964b-2759304176b1",
              "parentUUID": "670839d2-cd23-4391-8788-026ebd526de7",
              "isHook": false,
              "skipped": false
            }
          ],
          "suites": [],
          "passes": [],
          "failures": [
            "0743cb6e-8091-4cb1-964b-2759304176b1"
          ],
          "pending": [],
          "skipped": [],
          "duration": 43331,
          "root": false,
          "rootEmpty": false,
          "_timeout": 2000
        }
      ],
      "passes": [],
      "failures": [],
      "pending": [],
      "skipped": [],
      "duration": 0,
      "root": true,
      "rootEmpty": true,
      "_timeout": 2000
    }
  ],
  "meta": {
    "mocha": {
      "version": "7.0.1"
    },
    "mochawesome": {
      "options": {
        "quiet": true,
        "reportFilename": "mochawesome",
        "saveHtml": false,
        "saveJson": true,
        "consoleReporter": "spec",
        "useInlineDiffs": false
      },
      "version": "4.1.0"
    },
    "marge": {
      "options": {
        "id": "default",
        "reportDir": "cypress/reports/mocha",
        "quiet": true,
        "overwrite": false,
        "html": false,
        "json": true
      },
      "version": "4.1.0"
    }
  }
}