{
  "stats": {
    "suites": 1,
    "tests": 1,
    "passes": 1,
    "pending": 0,
    "failures": 0,
    "start": "2020-06-26T20:44:50.519Z",
    "end": "2020-06-26T20:46:03.583Z",
    "duration": 73064,
    "testsRegistered": 1,
    "passPercent": 100,
    "pendingPercent": 0,
    "other": 0,
    "hasOther": false,
    "skipped": 0,
    "hasSkipped": false
  },
  "results": [
    {
      "uuid": "071813f7-8bf4-45b5-a76a-4c6ed1bf4b5d",
      "title": "",
      "fullFile": "cypress\\integration\\TrackWithUs\\viewfieldreport.spec.js",
      "file": "cypress\\integration\\TrackWithUs\\viewfieldreport.spec.js",
      "beforeHooks": [],
      "afterHooks": [],
      "tests": [],
      "suites": [
        {
          "uuid": "50de4245-3586-4ebe-860a-3690f4e1de6b",
          "title": "Testing of TRACKWITHUS WEB",
          "fullFile": "",
          "file": "",
          "beforeHooks": [],
          "afterHooks": [],
          "tests": [
            {
              "title": "Login and View a module",
              "fullTitle": "Testing of TRACKWITHUS WEB Login and View a module",
              "timedOut": null,
              "duration": 68906,
              "state": "passed",
              "speed": "slow",
              "pass": true,
              "fail": false,
              "pending": false,
              "context": null,
              "code": "cy.visit(\"http://trackwithus.test.vggdev.com/\");\ncy.url().should(\"include\", \"/account/login\");\ncy.get('#Email').type(\"faraday@mailinator.com\");\ncy.get('#Password').type(\"P@ssword1\");\ncy.get(':nth-child(4) > button').click({\n  force: true\n});\ncy.wait(2000);\ncy.get('img');\ncy.wait(2000);\ncy.contains('TrackWithUs');\ncy.contains('Dashboard');\ncy.contains('Field Reports');\ncy.get('#fieldReports > .subnav-item').click({\n  force: true\n});\ncy.wait(5000);\ncy.contains('Existing Field Reports');\ncy.get(':nth-child(1) > :nth-child(7) > #editReport').click({\n  force: true\n});\ncy.wait(5000);\ncy.contains('View Report');\ncy.wait(5000);\ncy.contains('Close');\ncy.get('#processFormModal > .modal-dialog > .modal-content > .modal-footer > .btn-custom-red').click({\n  force: true\n});\ncy.wait(2000);\ncy.contains('Existing Field Reports');",
              "err": {},
              "uuid": "64f70dc0-5a25-4ebc-8d3d-a7b70db98827",
              "parentUUID": "50de4245-3586-4ebe-860a-3690f4e1de6b",
              "isHook": false,
              "skipped": false
            }
          ],
          "suites": [],
          "passes": [
            "64f70dc0-5a25-4ebc-8d3d-a7b70db98827"
          ],
          "failures": [],
          "pending": [],
          "skipped": [],
          "duration": 68906,
          "root": false,
          "rootEmpty": false,
          "_timeout": 2000
        }
      ],
      "passes": [],
      "failures": [],
      "pending": [],
      "skipped": [],
      "duration": 0,
      "root": true,
      "rootEmpty": true,
      "_timeout": 2000
    }
  ],
  "meta": {
    "mocha": {
      "version": "7.0.1"
    },
    "mochawesome": {
      "options": {
        "quiet": true,
        "reportFilename": "mochawesome",
        "saveHtml": false,
        "saveJson": true,
        "consoleReporter": "spec",
        "useInlineDiffs": false
      },
      "version": "4.1.0"
    },
    "marge": {
      "options": {
        "id": "default",
        "reportDir": "cypress/reports/mocha",
        "quiet": true,
        "overwrite": false,
        "html": false,
        "json": true
      },
      "version": "4.1.0"
    }
  }
}