{
  "stats": {
    "suites": 1,
    "tests": 1,
    "passes": 1,
    "pending": 0,
    "failures": 0,
    "start": "2020-06-26T20:34:26.956Z",
    "end": "2020-06-26T20:35:32.769Z",
    "duration": 65813,
    "testsRegistered": 1,
    "passPercent": 100,
    "pendingPercent": 0,
    "other": 0,
    "hasOther": false,
    "skipped": 0,
    "hasSkipped": false
  },
  "results": [
    {
      "uuid": "a7ee00e1-af1e-436a-8880-66a3756abde7",
      "title": "",
      "fullFile": "cypress\\integration\\TrackWithUs\\test Login.spec.js",
      "file": "cypress\\integration\\TrackWithUs\\test Login.spec.js",
      "beforeHooks": [],
      "afterHooks": [],
      "tests": [],
      "suites": [
        {
          "uuid": "a84ef95e-4754-4b3f-8f98-fe94a086ea5a",
          "title": "Testing of TRACKWITHUS WEB",
          "fullFile": "",
          "file": "",
          "beforeHooks": [],
          "afterHooks": [],
          "tests": [
            {
              "title": "Login Application",
              "fullTitle": "Testing of TRACKWITHUS WEB Login Application",
              "timedOut": null,
              "duration": 57694,
              "state": "passed",
              "speed": "slow",
              "pass": true,
              "fail": false,
              "pending": false,
              "context": null,
              "code": "cy.visit(\"http://trackwithus.test.vggdev.com/\");\ncy.url().should(\"include\", \"/account/login\");\ncy.get('#Email').type(\"blip@mailinator.com\");\ncy.get('#Password').type(\"P@ssword21\");\ncy.get('#loginForm > div:nth-child(4) > button').click({\n  force: true\n});\ncy.wait(7000);\ncy.get('img');\ncy.contains('TrackWithUs');\ncy.contains('Dashboard');\ncy.wait(2000);\ncy.get('li.active > .text-primary').click();",
              "err": {},
              "uuid": "0cad31e0-04c4-4d92-b287-83b58e111ee0",
              "parentUUID": "a84ef95e-4754-4b3f-8f98-fe94a086ea5a",
              "isHook": false,
              "skipped": false
            }
          ],
          "suites": [],
          "passes": [
            "0cad31e0-04c4-4d92-b287-83b58e111ee0"
          ],
          "failures": [],
          "pending": [],
          "skipped": [],
          "duration": 57694,
          "root": false,
          "rootEmpty": false,
          "_timeout": 2000
        }
      ],
      "passes": [],
      "failures": [],
      "pending": [],
      "skipped": [],
      "duration": 0,
      "root": true,
      "rootEmpty": true,
      "_timeout": 2000
    }
  ],
  "meta": {
    "mocha": {
      "version": "7.0.1"
    },
    "mochawesome": {
      "options": {
        "quiet": true,
        "reportFilename": "mochawesome",
        "saveHtml": false,
        "saveJson": true,
        "consoleReporter": "spec",
        "useInlineDiffs": false
      },
      "version": "4.1.0"
    },
    "marge": {
      "options": {
        "id": "default",
        "reportDir": "cypress/reports/mocha",
        "quiet": true,
        "overwrite": false,
        "html": false,
        "json": true
      },
      "version": "4.1.0"
    }
  }
}