{
  "stats": {
    "suites": 1,
    "tests": 10,
    "passes": 7,
    "pending": 0,
    "failures": 3,
    "start": "2020-06-27T00:58:39.952Z",
    "end": "2020-06-27T01:07:02.591Z",
    "duration": 502639,
    "testsRegistered": 10,
    "passPercent": 70,
    "pendingPercent": 0,
    "other": 0,
    "hasOther": false,
    "skipped": 0,
    "hasSkipped": false
  },
  "results": [
    {
      "uuid": "493b5fcd-375f-4ed1-95d6-94533fdc037a",
      "title": "",
      "fullFile": "cypress\\integration\\Random\\trackwithus.spec.js",
      "file": "cypress\\integration\\Random\\trackwithus.spec.js",
      "beforeHooks": [],
      "afterHooks": [],
      "tests": [],
      "suites": [
        {
          "uuid": "c3cc1c23-72b6-430d-a0fe-92574276d587",
          "title": "Testing of TRACKWITHUS WEB",
          "fullFile": "",
          "file": "",
          "beforeHooks": [],
          "afterHooks": [],
          "tests": [
            {
              "title": "Login to the Application",
              "fullTitle": "Testing of TRACKWITHUS WEB Login to the Application",
              "timedOut": null,
              "duration": 70868,
              "state": "passed",
              "speed": "slow",
              "pass": true,
              "fail": false,
              "pending": false,
              "context": null,
              "code": "cy.wait(7000);\ncy.get('img');\ncy.contains('TrackWithUs');\ncy.contains('Dashboard');\ncy.wait(2000);\ncy.get('li.active > .text-primary').click();",
              "err": {},
              "uuid": "c26ef04e-7f6f-417f-b678-d682c7984e6e",
              "parentUUID": "c3cc1c23-72b6-430d-a0fe-92574276d587",
              "isHook": false,
              "skipped": false
            },
            {
              "title": " View Report Field Module",
              "fullTitle": "Testing of TRACKWITHUS WEB  View Report Field Module",
              "timedOut": null,
              "duration": 46423,
              "state": "passed",
              "speed": "slow",
              "pass": true,
              "fail": false,
              "pending": false,
              "context": null,
              "code": "cy.contains('Field Reports');\ncy.get('#fieldReports > .subnav-item').click({\n  force: true\n});\ncy.wait(5000);\ncy.contains('Existing Field Reports');\ncy.wait(4000);\ncy.get(':nth-child(1) > :nth-child(7) > #editReport').click({\n  force: true\n});\ncy.wait(5000);\ncy.contains('View Report');\ncy.wait(5000);\ncy.contains('Close');\ncy.get('#processFormModal > .modal-dialog > .modal-content > .modal-footer > .btn-custom-red').click({\n  force: true\n});\ncy.wait(2000);\ncy.contains('Existing Field Reports');",
              "err": {},
              "uuid": "66402ece-0419-4040-b951-64a51d49ac71",
              "parentUUID": "c3cc1c23-72b6-430d-a0fe-92574276d587",
              "isHook": false,
              "skipped": false
            },
            {
              "title": "Search Field Report",
              "fullTitle": "Testing of TRACKWITHUS WEB Search Field Report",
              "timedOut": null,
              "duration": 35718,
              "state": "passed",
              "speed": "slow",
              "pass": true,
              "fail": false,
              "pending": false,
              "context": null,
              "code": "cy.wait(2000);\ncy.contains('Field Reports');\ncy.get('#fieldReports > .subnav-item').click({\n  force: true\n});\ncy.wait(5000);\ncy.contains('Existing Field Reports');\ncy.contains('Search');\ncy.get('.app-search > .form-control').type('National Home Grown School Feeding Programme');\ncy.wait(5000);\ncy.contains('Existing Field Reports');",
              "err": {},
              "uuid": "d1095775-5742-4170-a326-6b78bf94e305",
              "parentUUID": "c3cc1c23-72b6-430d-a0fe-92574276d587",
              "isHook": false,
              "skipped": false
            },
            {
              "title": "View Field Report Template",
              "fullTitle": "Testing of TRACKWITHUS WEB View Field Report Template",
              "timedOut": null,
              "duration": 56530,
              "state": "passed",
              "speed": "slow",
              "pass": true,
              "fail": false,
              "pending": false,
              "context": null,
              "code": "cy.wait(2000);\ncy.contains('Field Report Template');\ncy.get('#fieldReportTemplates > .subnav-item').click({\n  force: true\n});\ncy.wait(5000);\ncy.contains('Existing Report Templates');\ncy.wait(5000);\ncy.get('#cloneAuthoredForm22').click({\n  force: true\n});\ncy.wait(5000);\ncy.contains('Field Report Template');\ncy.wait(5000);\ncy.contains('Save');\ncy.get('#saveFieldReport').click({\n  force: true\n});\ncy.wait(2000);\ncy.contains('Existing Report Templates');",
              "err": {},
              "uuid": "484c0b09-f8f6-48b1-a97b-ac8bc0465ba4",
              "parentUUID": "c3cc1c23-72b6-430d-a0fe-92574276d587",
              "isHook": false,
              "skipped": false
            },
            {
              "title": "View and Search Social Programs Admin",
              "fullTitle": "Testing of TRACKWITHUS WEB View and Search Social Programs Admin",
              "timedOut": null,
              "duration": 48838,
              "state": "passed",
              "speed": "slow",
              "pass": true,
              "fail": false,
              "pending": false,
              "context": null,
              "code": "cy.contains('Social Programs Admin');\ncy.get('#socialProgramsAdmin > .subnav-item').click({\n  force: true\n});\ncy.wait(5000);\ncy.contains('Manage Social Programmes');\ncy.contains('Manage Business Indicators');\ncy.contains('Add Social Programme');\ncy.get('#createProgramme').click({\n  force: true\n});\ncy.contains('Add Programme & Cluster Form');\ncy.wait(2000);\ncy.get('.programme-form-modal > .modal-dialog > .modal-content > .modal-footer > .btn-custom-red').click({\n  force: true\n});\ncy.wait(5000);\ncy.contains('Add Social Programme');\ncy.wait(5000);\ncy.get('.app-search > .form-control').type('Test VGG').click();",
              "err": {},
              "uuid": "1f87415b-70a4-4740-bd1e-174d14136f33",
              "parentUUID": "c3cc1c23-72b6-430d-a0fe-92574276d587",
              "isHook": false,
              "skipped": false
            },
            {
              "title": "View Issues Management",
              "fullTitle": "Testing of TRACKWITHUS WEB View Issues Management",
              "timedOut": null,
              "duration": 39212,
              "state": "passed",
              "speed": "slow",
              "pass": true,
              "fail": false,
              "pending": false,
              "context": null,
              "code": "cy.contains('Issue Management');\ncy.get('#issuesManagement > .subnav-item').click({\n  force: true\n});\ncy.wait(5000);\ncy.contains('Reported Issues');\ncy.get(':nth-child(1) > .subnav-item').click();",
              "err": {},
              "uuid": "ee6804df-4ad2-4178-97ef-34bc3bd86d04",
              "parentUUID": "c3cc1c23-72b6-430d-a0fe-92574276d587",
              "isHook": false,
              "skipped": false
            },
            {
              "title": "View People Performance And Search",
              "fullTitle": "Testing of TRACKWITHUS WEB View People Performance And Search",
              "timedOut": null,
              "duration": 39260,
              "state": "failed",
              "speed": null,
              "pass": false,
              "fail": true,
              "pending": false,
              "context": null,
              "code": "cy.contains('People Performance');\ncy.get('#peoplePerformance > .subnav-item').click({\n  force: true\n});\ncy.wait(5000);\ncy.contains('Performance Analysis');\ncy.get('.app-search > .form-control').type(\"NSIP-MONITOR-1603\");\ncy.contains('Showing 1 to 1 of 1 entries');",
              "err": {
                "message": "AssertionError: Timed out retrying: Expected to find content: 'Showing 1 to 1 of 1 entries' but never did.",
                "estack": "AssertionError: Timed out retrying: Expected to find content: 'Showing 1 to 1 of 1 entries' but never did.\n    at Context.eval (http://trackwithus.staging.vggdev.com/__cypress/tests?p=cypress\\integration\\Random\\trackwithus.spec.js:127:8)",
                "diff": null
              },
              "uuid": "5432bc01-a221-437d-8c1e-ff9b1f726668",
              "parentUUID": "c3cc1c23-72b6-430d-a0fe-92574276d587",
              "isHook": false,
              "skipped": false
            },
            {
              "title": "Filter Report Comparison",
              "fullTitle": "Testing of TRACKWITHUS WEB Filter Report Comparison",
              "timedOut": null,
              "duration": 48720,
              "state": "passed",
              "speed": "slow",
              "pass": true,
              "fail": false,
              "pending": false,
              "context": null,
              "code": "cy.wait(2000);\ncy.get('img');\ncy.wait(2000);\ncy.contains('TrackWithUs');\ncy.contains('Dashboard');\ncy.contains('Report Comparison');\ncy.get('#reportComparison > .subnav-item').click({\n  force: true\n});\ncy.wait(5000);\ncy.contains('Report Comparison Data');\ncy.get('#filterGrid').click();\ncy.get('#program').select('National Home Grown School Feeding Programme').should('have.value', '4');\ncy.get('#selected_month').select('March').should('have.value', '3');\ncy.get('#selected_year').select('2020');\ncy.get('#filterForm').click();\ncy.wait(6000);\ncy.contains('Report Comparison Data');\ncy.contains('Showing 1 to 1 of 1 entries');",
              "err": {},
              "uuid": "95e908a1-7303-44b7-9ac3-61e078c1c10b",
              "parentUUID": "c3cc1c23-72b6-430d-a0fe-92574276d587",
              "isHook": false,
              "skipped": false
            },
            {
              "title": "Edit User role",
              "fullTitle": "Testing of TRACKWITHUS WEB Edit User role",
              "timedOut": null,
              "duration": 32931,
              "state": "failed",
              "speed": null,
              "pass": false,
              "fail": true,
              "pending": false,
              "context": null,
              "code": "cy.contains('Admin');\ncy.get('#userAdmin > .subnav-item').click({\n  force: true\n});\ncy.wait(2000);\ncy.contains('Manage User Roles');\ncy.contains('Manage Users');\ncy.contains('Manage Devices');\ncy.wait(1000);\ncy.contains('Existing Roles');\ncy.get(':nth-child(1) > :nth-child(4) > #editRole').click({\n  force: true\n});\ncy.wait(2000);\ncy.contains('Close');\ncy.get('.container-fluid > .modal > .modal-dialog > .modal-content > .modal-footer > .btn-custom-red').click({\n  force: true\n});\ncy.contains('Existing Role');\ncy.wait(1000);\ncy.contains('Role Name');\ncy.get(':nth-child(1) > :nth-child(4) > #editRole').click({\n  force: true\n});\ncy.wait(2000);\ncy.contains('Close');\ncy.get('.container-fluid > .modal > .modal-dialog > .modal-content > .modal-footer > .btn-custom-red').click({\n  force: true\n});\ncy.contains('Existing Role');",
              "err": {
                "message": "AssertionError: Timed out retrying: Expected to find content: 'Admin' but never did.",
                "estack": "AssertionError: Timed out retrying: Expected to find content: 'Admin' but never did.\n    at Context.eval (http://trackwithus.staging.vggdev.com/__cypress/tests?p=cypress\\integration\\Random\\trackwithus.spec.js:151:8)",
                "diff": null
              },
              "uuid": "4d9c8992-2c61-4645-b265-cefa848dbed2",
              "parentUUID": "c3cc1c23-72b6-430d-a0fe-92574276d587",
              "isHook": false,
              "skipped": false
            },
            {
              "title": "Edit A user",
              "fullTitle": "Testing of TRACKWITHUS WEB Edit A user",
              "timedOut": null,
              "duration": 61436,
              "state": "failed",
              "speed": null,
              "pass": false,
              "fail": true,
              "pending": false,
              "context": null,
              "code": "cy.contains('Admin');\ncy.get('#userAdmin > .subnav-item').click({\n  force: true\n});\ncy.wait(1000);\ncy.contains('Manage Users');\ncy.get('#sidenavManageUser > .sidenav-item').click({\n  force: true\n});\ncy.wait(5000);\ncy.contains('Full Name');\ncy.get(':nth-child(1) > :nth-child(7) > #editUser').click({\n  force: true\n});\ncy.wait(2000);\ncy.get('#MiddleName').clear().type('Gof');\ncy.wait(1000);\ncy.wait(2000);\ncy.get('#submitForm').click({\n  force: true\n});\ncy.contains('Submit');\ncy.wait(5000);\ncy.contains('Add User');\ncy.wait(2000);\ncy.get('#user').click();\ncy.wait(5000);\ncy.get(':nth-child(4) > .text-danger').click({\n  force: true\n});",
              "err": {
                "message": "CypressError: Timed out after waiting `60000ms` for your remote page to load.\n\nYour page did not fire its `load` event within `60000ms`.\n\nYou can try increasing the `pageLoadTimeout` value in `cypress.json` to wait longer.\n\nBrowsers will not fire the `load` event until all stylesheets and scripts are done downloading.\n\nWhen this `load` event occurs, Cypress will continue running commands.",
                "estack": "CypressError: Timed out after waiting `60000ms` for your remote page to load.\n\nYour page did not fire its `load` event within `60000ms`.\n\nYou can try increasing the `pageLoadTimeout` value in `cypress.json` to wait longer.\n\nBrowsers will not fire the `load` event until all stylesheets and scripts are done downloading.\n\nWhen this `load` event occurs, Cypress will continue running commands.\n    at timedOutWaitingForPageLoad (http://trackwithus.staging.vggdev.com/__cypress/runner/cypress_runner.js:155522:13)\n    at http://trackwithus.staging.vggdev.com/__cypress/runner/cypress_runner.js:155781:14\n    at tryCatcher (http://trackwithus.staging.vggdev.com/__cypress/runner/cypress_runner.js:10161:23)\n    at http://trackwithus.staging.vggdev.com/__cypress/runner/cypress_runner.js:5283:41\n    at tryCatcher (http://trackwithus.staging.vggdev.com/__cypress/runner/cypress_runner.js:10161:23)\n    at Promise._settlePromiseFromHandler (http://trackwithus.staging.vggdev.com/__cypress/runner/cypress_runner.js:8096:31)\n    at Promise._settlePromise (http://trackwithus.staging.vggdev.com/__cypress/runner/cypress_runner.js:8153:18)\n    at Promise._settlePromise0 (http://trackwithus.staging.vggdev.com/__cypress/runner/cypress_runner.js:8198:10)\n    at Promise._settlePromises (http://trackwithus.staging.vggdev.com/__cypress/runner/cypress_runner.js:8274:18)\n    at _drainQueueStep (http://trackwithus.staging.vggdev.com/__cypress/runner/cypress_runner.js:4868:12)\n    at _drainQueue (http://trackwithus.staging.vggdev.com/__cypress/runner/cypress_runner.js:4861:9)\n    at Async.../../node_modules/bluebird/js/release/async.js.Async._drainQueues (http://trackwithus.staging.vggdev.com/__cypress/runner/cypress_runner.js:4877:5)\n    at Async.drainQueues (http://trackwithus.staging.vggdev.com/__cypress/runner/cypress_runner.js:4747:14)\nFrom Your Spec Code:\n    at Context.eval (http://trackwithus.staging.vggdev.com/__cypress/tests?p=cypress\\integration\\Random\\trackwithus.spec.js:200:8)",
                "diff": null
              },
              "uuid": "3c21bbc3-d701-430f-9241-8fbd1e7616ed",
              "parentUUID": "c3cc1c23-72b6-430d-a0fe-92574276d587",
              "isHook": false,
              "skipped": false
            }
          ],
          "suites": [],
          "passes": [
            "c26ef04e-7f6f-417f-b678-d682c7984e6e",
            "66402ece-0419-4040-b951-64a51d49ac71",
            "d1095775-5742-4170-a326-6b78bf94e305",
            "484c0b09-f8f6-48b1-a97b-ac8bc0465ba4",
            "1f87415b-70a4-4740-bd1e-174d14136f33",
            "ee6804df-4ad2-4178-97ef-34bc3bd86d04",
            "95e908a1-7303-44b7-9ac3-61e078c1c10b"
          ],
          "failures": [
            "5432bc01-a221-437d-8c1e-ff9b1f726668",
            "4d9c8992-2c61-4645-b265-cefa848dbed2",
            "3c21bbc3-d701-430f-9241-8fbd1e7616ed"
          ],
          "pending": [],
          "skipped": [],
          "duration": 479936,
          "root": false,
          "rootEmpty": false,
          "_timeout": 2000
        }
      ],
      "passes": [],
      "failures": [],
      "pending": [],
      "skipped": [],
      "duration": 0,
      "root": true,
      "rootEmpty": true,
      "_timeout": 2000
    }
  ],
  "meta": {
    "mocha": {
      "version": "7.0.1"
    },
    "mochawesome": {
      "options": {
        "quiet": true,
        "reportFilename": "mochawesome",
        "saveHtml": false,
        "saveJson": true,
        "consoleReporter": "spec",
        "useInlineDiffs": false
      },
      "version": "4.1.0"
    },
    "marge": {
      "options": {
        "id": "default",
        "reportDir": "cypress/reports/mocha",
        "quiet": true,
        "overwrite": false,
        "html": false,
        "json": true
      },
      "version": "4.1.0"
    }
  }
}