{
  "stats": {
    "suites": 1,
    "tests": 1,
    "passes": 1,
    "pending": 0,
    "failures": 0,
    "start": "2020-05-13T12:14:43.728Z",
    "end": "2020-05-13T12:15:31.255Z",
    "duration": 47527,
    "testsRegistered": 1,
    "passPercent": 100,
    "pendingPercent": 0,
    "other": 0,
    "hasOther": false,
    "skipped": 0,
    "hasSkipped": false
  },
  "results": [
    {
      "uuid": "7328aa25-3a32-42d1-b5ae-dd1cbe344219",
      "title": "",
      "fullFile": "cypress\\integration\\TrackWithUs\\viewpeopleperformance.spec.js",
      "file": "cypress\\integration\\TrackWithUs\\viewpeopleperformance.spec.js",
      "beforeHooks": [],
      "afterHooks": [],
      "tests": [],
      "suites": [
        {
          "uuid": "3c36156b-3af8-4d9b-a008-a7e179527bf3",
          "title": "Testing of TRACKWITHUS WEB",
          "fullFile": "",
          "file": "",
          "beforeHooks": [],
          "afterHooks": [],
          "tests": [
            {
              "title": "Login and View a module",
              "fullTitle": "Testing of TRACKWITHUS WEB Login and View a module",
              "timedOut": null,
              "duration": 43953,
              "state": "passed",
              "speed": "slow",
              "pass": true,
              "fail": false,
              "pending": false,
              "context": null,
              "code": "cy.visit(\"http://trackwithus.test.vggdev.com/\");\ncy.url().should(\"include\", \"/account/login\");\ncy.get('#Email').type(\"faraday@mailinator.com\");\ncy.get('#Password').type(\"P@ssword1\");\ncy.get(':nth-child(4) > button').click({\n  force: true\n});\ncy.wait(2000);\ncy.get('img');\ncy.wait(2000);\ncy.contains('TrackWithUs');\ncy.contains('Dashboard');\ncy.contains('People Performance');\ncy.get('#peoplePerformance > .subnav-item').click({\n  force: true\n});\ncy.wait(5000);\ncy.contains('Performance Analysis');\ncy.get(':nth-child(1) > .subnav-item').click();",
              "err": {},
              "uuid": "0d65173a-95da-4cec-912f-c97518937180",
              "parentUUID": "3c36156b-3af8-4d9b-a008-a7e179527bf3",
              "isHook": false,
              "skipped": false
            }
          ],
          "suites": [],
          "passes": [
            "0d65173a-95da-4cec-912f-c97518937180"
          ],
          "failures": [],
          "pending": [],
          "skipped": [],
          "duration": 43953,
          "root": false,
          "rootEmpty": false,
          "_timeout": 2000
        }
      ],
      "passes": [],
      "failures": [],
      "pending": [],
      "skipped": [],
      "duration": 0,
      "root": true,
      "rootEmpty": true,
      "_timeout": 2000
    }
  ],
  "meta": {
    "mocha": {
      "version": "7.0.1"
    },
    "mochawesome": {
      "options": {
        "quiet": true,
        "reportFilename": "mochawesome",
        "saveHtml": false,
        "saveJson": true,
        "consoleReporter": "spec",
        "useInlineDiffs": false
      },
      "version": "4.1.0"
    },
    "marge": {
      "options": {
        "id": "default",
        "reportDir": "cypress/reports/mocha",
        "quiet": true,
        "overwrite": false,
        "html": false,
        "json": true
      },
      "version": "4.1.0"
    }
  }
}