{
  "stats": {
    "suites": 1,
    "tests": 1,
    "passes": 1,
    "pending": 0,
    "failures": 0,
    "start": "2020-05-13T12:02:53.352Z",
    "end": "2020-05-13T12:03:32.563Z",
    "duration": 39211,
    "testsRegistered": 1,
    "passPercent": 100,
    "pendingPercent": 0,
    "other": 0,
    "hasOther": false,
    "skipped": 0,
    "hasSkipped": false
  },
  "results": [
    {
      "uuid": "bc4be851-b2e2-4f23-9515-81df552afc5a",
      "title": "",
      "fullFile": "cypress\\integration\\TrackWithUs\\searchfieldreport.spec.js",
      "file": "cypress\\integration\\TrackWithUs\\searchfieldreport.spec.js",
      "beforeHooks": [],
      "afterHooks": [],
      "tests": [],
      "suites": [
        {
          "uuid": "10d1a9a4-3b75-4f76-b8d1-c338e3cce249",
          "title": "Testing of TRACKWITHUS WEB",
          "fullFile": "",
          "file": "",
          "beforeHooks": [],
          "afterHooks": [],
          "tests": [
            {
              "title": "Login and View a module",
              "fullTitle": "Testing of TRACKWITHUS WEB Login and View a module",
              "timedOut": null,
              "duration": 36931,
              "state": "passed",
              "speed": "slow",
              "pass": true,
              "fail": false,
              "pending": false,
              "context": null,
              "code": "cy.visit(\"http://trackwithus.test.vggdev.com/\");\ncy.url().should(\"include\", \"/account/login\");\ncy.get('#Email').type(\"faraday@mailinator.com\");\ncy.get('#Password').type(\"P@ssword1\");\ncy.get(':nth-child(4) > button').click({\n  force: true\n});\ncy.wait(2000);\ncy.get('img');\ncy.wait(2000);\ncy.contains('TrackWithUs');\ncy.contains('Dashboard');\ncy.contains('Field Reports');\ncy.get('#fieldReports > .subnav-item').click({\n  force: true\n});\ncy.wait(5000);\ncy.contains('Existing Field Reports');\ncy.contains('Search');\ncy.get('.app-search > .form-control').type('National Home Grown School Feeding Programme');\ncy.wait(5000);\ncy.contains('Existing Field Reports');",
              "err": {},
              "uuid": "93c10e86-a41c-4a42-9eff-201166682f46",
              "parentUUID": "10d1a9a4-3b75-4f76-b8d1-c338e3cce249",
              "isHook": false,
              "skipped": false
            }
          ],
          "suites": [],
          "passes": [
            "93c10e86-a41c-4a42-9eff-201166682f46"
          ],
          "failures": [],
          "pending": [],
          "skipped": [],
          "duration": 36931,
          "root": false,
          "rootEmpty": false,
          "_timeout": 2000
        }
      ],
      "passes": [],
      "failures": [],
      "pending": [],
      "skipped": [],
      "duration": 0,
      "root": true,
      "rootEmpty": true,
      "_timeout": 2000
    }
  ],
  "meta": {
    "mocha": {
      "version": "7.0.1"
    },
    "mochawesome": {
      "options": {
        "quiet": true,
        "reportFilename": "mochawesome",
        "saveHtml": false,
        "saveJson": true,
        "consoleReporter": "spec",
        "useInlineDiffs": false
      },
      "version": "4.1.0"
    },
    "marge": {
      "options": {
        "id": "default",
        "reportDir": "cypress/reports/mocha",
        "quiet": true,
        "overwrite": false,
        "html": false,
        "json": true
      },
      "version": "4.1.0"
    }
  }
}