{
  "stats": {
    "suites": 1,
    "tests": 1,
    "passes": 1,
    "pending": 0,
    "failures": 0,
    "start": "2020-06-26T20:26:56.580Z",
    "end": "2020-06-26T20:28:39.149Z",
    "duration": 102569,
    "testsRegistered": 1,
    "passPercent": 100,
    "pendingPercent": 0,
    "other": 0,
    "hasOther": false,
    "skipped": 0,
    "hasSkipped": false
  },
  "results": [
    {
      "uuid": "493a9f9a-ba0d-41a1-8522-3b9fce5aa391",
      "title": "",
      "fullFile": "cypress\\integration\\TrackWithUs\\managedevices.spec.js",
      "file": "cypress\\integration\\TrackWithUs\\managedevices.spec.js",
      "beforeHooks": [],
      "afterHooks": [],
      "tests": [],
      "suites": [
        {
          "uuid": "ccf8f68d-2a9a-479f-9b6b-703e228165f1",
          "title": "Testing of TRACKWITHUS WEB",
          "fullFile": "",
          "file": "",
          "beforeHooks": [],
          "afterHooks": [],
          "tests": [
            {
              "title": "Login and View a module",
              "fullTitle": "Testing of TRACKWITHUS WEB Login and View a module",
              "timedOut": null,
              "duration": 92853,
              "state": "passed",
              "speed": "slow",
              "pass": true,
              "fail": false,
              "pending": false,
              "context": null,
              "code": "cy.visit(\"http://trackwithus.test.vggdev.com/\");\ncy.url().should(\"include\", \"/account/login\");\ncy.get('#Email').type(\"faraday@mailinator.com\");\ncy.get('#Password').type(\"P@ssword1\");\ncy.get(':nth-child(4) > button').click({\n  force: true\n});\ncy.wait(2000);\ncy.get('img');\ncy.wait(2000);\ncy.contains('TrackWithUs');\ncy.contains('Dashboard');\ncy.contains('Admin');\ncy.get('#userAdmin > .subnav-item').click({\n  force: true\n});\ncy.wait(1000);\ncy.contains('Manage Devices');\ncy.get('#sidenavManageDevices > .sidenav-item').click({\n  force: true\n});\ncy.wait(5000);\ncy.contains('NSIP Number');\ncy.contains('Device Status');\ncy.wait(5000);\ncy.get(':nth-child(1) > .subnav-item').click();",
              "err": {},
              "uuid": "9cc51e6f-23e9-470a-8006-427e0912324c",
              "parentUUID": "ccf8f68d-2a9a-479f-9b6b-703e228165f1",
              "isHook": false,
              "skipped": false
            }
          ],
          "suites": [],
          "passes": [
            "9cc51e6f-23e9-470a-8006-427e0912324c"
          ],
          "failures": [],
          "pending": [],
          "skipped": [],
          "duration": 92853,
          "root": false,
          "rootEmpty": false,
          "_timeout": 2000
        }
      ],
      "passes": [],
      "failures": [],
      "pending": [],
      "skipped": [],
      "duration": 0,
      "root": true,
      "rootEmpty": true,
      "_timeout": 2000
    }
  ],
  "meta": {
    "mocha": {
      "version": "7.0.1"
    },
    "mochawesome": {
      "options": {
        "quiet": true,
        "reportFilename": "mochawesome",
        "saveHtml": false,
        "saveJson": true,
        "consoleReporter": "spec",
        "useInlineDiffs": false
      },
      "version": "4.1.0"
    },
    "marge": {
      "options": {
        "id": "default",
        "reportDir": "cypress/reports/mocha",
        "quiet": true,
        "overwrite": false,
        "html": false,
        "json": true
      },
      "version": "4.1.0"
    }
  }
}