{
  "stats": {
    "suites": 1,
    "tests": 1,
    "passes": 0,
    "pending": 0,
    "failures": 1,
    "start": "2020-05-13T09:42:34.982Z",
    "end": "2020-05-13T09:43:18.318Z",
    "duration": 43336,
    "testsRegistered": 1,
    "passPercent": 0,
    "pendingPercent": 0,
    "other": 0,
    "hasOther": false,
    "skipped": 0,
    "hasSkipped": false
  },
  "results": [
    {
      "uuid": "9fe049cf-493b-45b4-b35e-d14b40fa1524",
      "title": "",
      "fullFile": "cypress\\integration\\TrackWithUs\\Edit User.spec.js",
      "file": "cypress\\integration\\TrackWithUs\\Edit User.spec.js",
      "beforeHooks": [],
      "afterHooks": [],
      "tests": [],
      "suites": [
        {
          "uuid": "8a53354f-9923-4d3b-af0b-2cf084ada51a",
          "title": "Testing of TRACKWITHUS WEB",
          "fullFile": "",
          "file": "",
          "beforeHooks": [],
          "afterHooks": [],
          "tests": [
            {
              "title": "Login and View a module",
              "fullTitle": "Testing of TRACKWITHUS WEB Login and View a module",
              "timedOut": null,
              "duration": 43189,
              "state": "failed",
              "speed": null,
              "pass": false,
              "fail": true,
              "pending": false,
              "context": null,
              "code": "cy.visit(\"http://trackwithus.test.vggdev.com/\");\ncy.url().should(\"include\", \"/account/login\");\ncy.get('#Email').type(\"faraday@mailinator.com\");\ncy.get('#Password').type(\"P@ssword1\");\ncy.get(':nth-child(4) > button').click({\n  force: true\n});\ncy.wait(2000);\ncy.get('img');\ncy.wait(2000);\ncy.contains('TrackWithUs');\ncy.contains('Dashboard');\ncy.contains('Admin');\ncy.get('#userAdmin > .subnav-item').click({\n  force: true\n});\ncy.wait(1000);\ncy.contains('Manage Users');\ncy.get('#sidenavManageUser > .sidenav-item').click({\n  force: true\n});\ncy.wait(5000);\ncy.contains('Full Name');\ncy.get(':nth-child(1) > :nth-child(7) > #editUser').click({\n  force: true\n});\ncy.wait(2000);\ncy.get('#MiddleName').clear().type('Gof');\ncy.wait(1000); // cy.get('#MiddleName').type('Parrot')\ncy.wait(2000);\ncy.get('#submitForm').click({\n  force: true\n});\ncy.contains('Submit');\ncy.wait(5000);\ncy.contains('Add User');",
              "err": {
                "message": "CypressError: `cy.visit()` failed trying to load:\n\nhttp://trackwithus.test.vggdev.com/\n\nWe attempted to make an http request to this URL but the request failed without a response.\n\nWe received this error at the network level:\n\n  > Error: connect ETIMEDOUT 154.113.17.145:80\n\nCommon situations why this would fail:\n  - you don't have internet access\n  - you forgot to run / boot your web server\n  - your web server isn't accessible\n  - you have weird network configuration settings on your computer\n\nThe stack trace for this error is:\n\nError: connect ETIMEDOUT 154.113.17.145:80\n    at TCPConnectWrap.afterConnect [as oncomplete] (net.js:1128:14)\n",
                "estack": "CypressError: `cy.visit()` failed trying to load:\n\nhttp://trackwithus.test.vggdev.com/\n\nWe attempted to make an http request to this URL but the request failed without a response.\n\nWe received this error at the network level:\n\n  > Error: connect ETIMEDOUT 154.113.17.145:80\n\nCommon situations why this would fail:\n  - you don't have internet access\n  - you forgot to run / boot your web server\n  - your web server isn't accessible\n  - you have weird network configuration settings on your computer\n\nThe stack trace for this error is:\n\nError: connect ETIMEDOUT 154.113.17.145:80\n    at TCPConnectWrap.afterConnect [as oncomplete] (net.js:1128:14)\n\n",
                "diff": null
              },
              "uuid": "630f7a04-82d1-450e-85eb-c766f636c880",
              "parentUUID": "8a53354f-9923-4d3b-af0b-2cf084ada51a",
              "isHook": false,
              "skipped": false
            }
          ],
          "suites": [],
          "passes": [],
          "failures": [
            "630f7a04-82d1-450e-85eb-c766f636c880"
          ],
          "pending": [],
          "skipped": [],
          "duration": 43189,
          "root": false,
          "rootEmpty": false,
          "_timeout": 2000
        }
      ],
      "passes": [],
      "failures": [],
      "pending": [],
      "skipped": [],
      "duration": 0,
      "root": true,
      "rootEmpty": true,
      "_timeout": 2000
    }
  ],
  "meta": {
    "mocha": {
      "version": "7.0.1"
    },
    "mochawesome": {
      "options": {
        "quiet": true,
        "reportFilename": "mochawesome",
        "saveHtml": false,
        "saveJson": true,
        "consoleReporter": "spec",
        "useInlineDiffs": false
      },
      "version": "4.1.0"
    },
    "marge": {
      "options": {
        "id": "default",
        "reportDir": "cypress/reports/mocha",
        "quiet": true,
        "overwrite": false,
        "html": false,
        "json": true
      },
      "version": "4.1.0"
    }
  }
}