{
  "stats": {
    "suites": 1,
    "tests": 1,
    "passes": 0,
    "pending": 0,
    "failures": 1,
    "start": "2020-05-13T12:03:50.218Z",
    "end": "2020-05-13T12:04:36.459Z",
    "duration": 46241,
    "testsRegistered": 1,
    "passPercent": 0,
    "pendingPercent": 0,
    "other": 0,
    "hasOther": false,
    "skipped": 0,
    "hasSkipped": false
  },
  "results": [
    {
      "uuid": "815158bf-4ef5-4c59-827e-56e90ec77748",
      "title": "",
      "fullFile": "cypress\\integration\\TrackWithUs\\searchpeopleperformance.spec.js",
      "file": "cypress\\integration\\TrackWithUs\\searchpeopleperformance.spec.js",
      "beforeHooks": [],
      "afterHooks": [],
      "tests": [],
      "suites": [
        {
          "uuid": "3bb54759-72fe-4383-8220-ba3f0b171a86",
          "title": "Testing of TRACKWITHUS WEB",
          "fullFile": "",
          "file": "",
          "beforeHooks": [],
          "afterHooks": [],
          "tests": [
            {
              "title": "Login and View a module",
              "fullTitle": "Testing of TRACKWITHUS WEB Login and View a module",
              "timedOut": null,
              "duration": 44009,
              "state": "failed",
              "speed": null,
              "pass": false,
              "fail": true,
              "pending": false,
              "context": null,
              "code": "cy.visit(\"http://trackwithus.test.vggdev.com/\");\ncy.url().should(\"include\", \"/account/login\");\ncy.get('#Email').type(\"faraday@mailinator.com\");\ncy.get('#Password').type(\"P@ssword1\");\ncy.get(':nth-child(4) > button').click({\n  force: true\n});\ncy.wait(2000);\ncy.get('img');\ncy.wait(2000);\ncy.contains('TrackWithUs');\ncy.contains('Dashboard');\ncy.contains('People Performance');\ncy.get('#peoplePerformance > .subnav-item').click({\n  force: true\n});\ncy.wait(5000);\ncy.contains('Performance Analysis');\ncy.get('.app-search > .form-control').type(\"NSIP-MONITOR-1603\");\ncy.contains('Showing 1 to 1 of 1 entries');\ncy.get(':nth-child(1) > .subnav-item').click();",
              "err": {
                "message": "AssertionError: Timed out retrying: Expected to find content: 'Showing 1 to 1 of 1 entries' but never did.",
                "estack": "AssertionError: Timed out retrying: Expected to find content: 'Showing 1 to 1 of 1 entries' but never did.\nAssertionError: Expected to find element: `:not(script,style):cy-contains('Showing 1 to 1 of 1 entries'), [type='submit'][value~='Showing 1 to 1 of 1 entries']`, but never found it.\n    at ensureExistence (http://trackwithus.test.vggdev.com/__cypress/runner/cypress_runner.js:137673:32)\n    at Object.ensureElExistence (http://trackwithus.test.vggdev.com/__cypress/runner/cypress_runner.js:137691:12)\n    at ensureExistence (http://trackwithus.test.vggdev.com/__cypress/runner/cypress_runner.js:127867:23)\n    at onFailFn (http://trackwithus.test.vggdev.com/__cypress/runner/cypress_runner.js:127905:9)\n    at tryCatcher (http://trackwithus.test.vggdev.com/__cypress/runner/cypress_runner.js:9065:23)\n    at Promise._settlePromiseFromHandler (http://trackwithus.test.vggdev.com/__cypress/runner/cypress_runner.js:7000:31)\n    at Promise._settlePromise (http://trackwithus.test.vggdev.com/__cypress/runner/cypress_runner.js:7057:18)\n    at Promise._settlePromise0 (http://trackwithus.test.vggdev.com/__cypress/runner/cypress_runner.js:7102:10)\n    at Promise._settlePromises (http://trackwithus.test.vggdev.com/__cypress/runner/cypress_runner.js:7178:18)\n    at _drainQueueStep (http://trackwithus.test.vggdev.com/__cypress/runner/cypress_runner.js:3772:12)\n    at _drainQueue (http://trackwithus.test.vggdev.com/__cypress/runner/cypress_runner.js:3765:9)\n    at Async.../../node_modules/bluebird/js/release/async.js.Async._drainQueues (http://trackwithus.test.vggdev.com/__cypress/runner/cypress_runner.js:3781:5)\n    at Async.drainQueues (http://trackwithus.test.vggdev.com/__cypress/runner/cypress_runner.js:3651:14)",
                "diff": null
              },
              "uuid": "2e394de0-abb6-4b42-93c5-1e556e6e60e8",
              "parentUUID": "3bb54759-72fe-4383-8220-ba3f0b171a86",
              "isHook": false,
              "skipped": false
            }
          ],
          "suites": [],
          "passes": [],
          "failures": [
            "2e394de0-abb6-4b42-93c5-1e556e6e60e8"
          ],
          "pending": [],
          "skipped": [],
          "duration": 44009,
          "root": false,
          "rootEmpty": false,
          "_timeout": 2000
        }
      ],
      "passes": [],
      "failures": [],
      "pending": [],
      "skipped": [],
      "duration": 0,
      "root": true,
      "rootEmpty": true,
      "_timeout": 2000
    }
  ],
  "meta": {
    "mocha": {
      "version": "7.0.1"
    },
    "mochawesome": {
      "options": {
        "quiet": true,
        "reportFilename": "mochawesome",
        "saveHtml": false,
        "saveJson": true,
        "consoleReporter": "spec",
        "useInlineDiffs": false
      },
      "version": "4.1.0"
    },
    "marge": {
      "options": {
        "id": "default",
        "reportDir": "cypress/reports/mocha",
        "quiet": true,
        "overwrite": false,
        "html": false,
        "json": true
      },
      "version": "4.1.0"
    }
  }
}