{
  "stats": {
    "suites": 1,
    "tests": 1,
    "passes": 0,
    "pending": 0,
    "failures": 1,
    "start": "2020-05-13T11:16:45.659Z",
    "end": "2020-05-13T11:16:58.724Z",
    "duration": 13065,
    "testsRegistered": 1,
    "passPercent": 0,
    "pendingPercent": 0,
    "other": 0,
    "hasOther": false,
    "skipped": 0,
    "hasSkipped": false
  },
  "results": [
    {
      "uuid": "d5ed6460-71c0-46c0-952e-aa06d50a57c3",
      "title": "",
      "fullFile": "cypress\\integration\\training\\eatest.spec.js",
      "file": "cypress\\integration\\training\\eatest.spec.js",
      "beforeHooks": [],
      "afterHooks": [],
      "tests": [],
      "suites": [
        {
          "uuid": "c1ec0024-35c2-4136-a6d5-8ea1d7db1054",
          "title": "Testing of SSR WEB",
          "fullFile": "",
          "file": "",
          "beforeHooks": [],
          "afterHooks": [],
          "tests": [
            {
              "title": "Login Application",
              "fullTitle": "Testing of SSR WEB Login Application",
              "timedOut": null,
              "duration": 12586,
              "state": "failed",
              "speed": null,
              "pass": false,
              "fail": true,
              "pending": false,
              "context": null,
              "code": "cy.visit(\"http://ssr.test.vggdev.com/\");\ncy.contains(\"Login\").click();\ncy.url().should(\"include\", \"/userlogin\");\ncy.get('#defaultFormCardNameEx').type(\"sneak@qa.team\");\ncy.get('#defaultFormCardEmailEx').type(\"YxfX7BuR\");\ncy.get('span').click({\n  force: true\n});\ncy.url().should(\"include\", \"/home/dashboard\"); // Click Manage Data Set-Up\ncy.get('.sidebar-menu > :nth-child(3) > :nth-child(1) > :nth-child(2)');\ncy.get('[style=\"display: block;\"] > :nth-child(1) > [href=\"#\"] > :nth-child(2)');\ncy.get(':nth-child(2) > .menu-open > .treeview-menu > :nth-child(1) > a'); // click create Assert\ncy.get('.panel-button > span');\ncy.get('#name').type(\"molue\");\ncy.get('.button').click();",
              "err": {
                "message": "CypressError: `cy.visit()` failed trying to load:\n\nhttp://ssr.test.vggdev.com/\n\nWe attempted to make an http request to this URL but the request failed without a response.\n\nWe received this error at the network level:\n\n  > Error: getaddrinfo ENOTFOUND ssr.test.vggdev.com\n\nCommon situations why this would fail:\n  - you don't have internet access\n  - you forgot to run / boot your web server\n  - your web server isn't accessible\n  - you have weird network configuration settings on your computer\n\nThe stack trace for this error is:\n\nError: getaddrinfo ENOTFOUND ssr.test.vggdev.com\n    at GetAddrInfoReqWrap.onlookup [as oncomplete] (dns.js:60:26)\n",
                "estack": "CypressError: `cy.visit()` failed trying to load:\n\nhttp://ssr.test.vggdev.com/\n\nWe attempted to make an http request to this URL but the request failed without a response.\n\nWe received this error at the network level:\n\n  > Error: getaddrinfo ENOTFOUND ssr.test.vggdev.com\n\nCommon situations why this would fail:\n  - you don't have internet access\n  - you forgot to run / boot your web server\n  - your web server isn't accessible\n  - you have weird network configuration settings on your computer\n\nThe stack trace for this error is:\n\nError: getaddrinfo ENOTFOUND ssr.test.vggdev.com\n    at GetAddrInfoReqWrap.onlookup [as oncomplete] (dns.js:60:26)\n\n",
                "diff": null
              },
              "uuid": "06dc3ebd-d77f-4455-bd07-271dd9386bc6",
              "parentUUID": "c1ec0024-35c2-4136-a6d5-8ea1d7db1054",
              "isHook": false,
              "skipped": false
            }
          ],
          "suites": [],
          "passes": [],
          "failures": [
            "06dc3ebd-d77f-4455-bd07-271dd9386bc6"
          ],
          "pending": [],
          "skipped": [],
          "duration": 12586,
          "root": false,
          "rootEmpty": false,
          "_timeout": 2000
        }
      ],
      "passes": [],
      "failures": [],
      "pending": [],
      "skipped": [],
      "duration": 0,
      "root": true,
      "rootEmpty": true,
      "_timeout": 2000
    }
  ],
  "meta": {
    "mocha": {
      "version": "7.0.1"
    },
    "mochawesome": {
      "options": {
        "quiet": true,
        "reportFilename": "mochawesome",
        "saveHtml": false,
        "saveJson": true,
        "consoleReporter": "spec",
        "useInlineDiffs": false
      },
      "version": "4.1.0"
    },
    "marge": {
      "options": {
        "id": "default",
        "reportDir": "cypress/reports/mocha",
        "quiet": true,
        "overwrite": false,
        "html": false,
        "json": true
      },
      "version": "4.1.0"
    }
  }
}