{
  "stats": {
    "suites": 1,
    "tests": 1,
    "passes": 0,
    "pending": 0,
    "failures": 1,
    "start": "2020-06-26T19:54:57.750Z",
    "end": "2020-06-26T19:56:08.473Z",
    "duration": 70723,
    "testsRegistered": 1,
    "passPercent": 0,
    "pendingPercent": 0,
    "other": 0,
    "hasOther": false,
    "skipped": 0,
    "hasSkipped": false
  },
  "results": [
    {
      "uuid": "5c1b1013-d5f5-4c1a-b22c-5296f88d606a",
      "title": "",
      "fullFile": "cypress\\integration\\BIR\\birlogin.spec.js",
      "file": "cypress\\integration\\BIR\\birlogin.spec.js",
      "beforeHooks": [],
      "afterHooks": [],
      "tests": [],
      "suites": [
        {
          "uuid": "bb6ab562-2f9a-4106-9ee5-7717a5c9486c",
          "title": "Testing of BIR WEB",
          "fullFile": "",
          "file": "",
          "beforeHooks": [],
          "afterHooks": [],
          "tests": [
            {
              "title": "Login Application",
              "fullTitle": "Testing of BIR WEB Login Application",
              "timedOut": null,
              "duration": 59133,
              "state": "failed",
              "speed": null,
              "pass": false,
              "fail": true,
              "pending": false,
              "context": null,
              "code": "cy.visit(\"https://nsioreporting2.test.vggdev.com/\");\ncy.url().should(\"include\", \"/Account/Login\");\ncy.get('#Email').type(\"troy@mailinator.com\");\ncy.get('#Password').type(\"P@ssword1\");\ncy.get('#loginForm > div:nth-child(4) > button').click({\n  force: true\n});\ncy.wait(9000);\ncy.get('img');\ncy.contains('Business Intelligence & Reporting Tool');\ncy.contains('Dashboard');\ncy.wait(2000);\ncy.contains('Welcome, Troy'); // User LogOut\ncy.wait(2000);\ncy.get('#user').click();\ncy.contains('Log Out');\ncy.get('.dropdown-menu > :nth-child(4) > .text-danger').click();\ncy.wait(3000); //Log Out Confirmation\ncy.contains('Forgot your password');",
              "err": {
                "message": "AssertionError: Timed out retrying: Expected to find content: 'Dashboard' but never did.",
                "estack": "AssertionError: Timed out retrying: Expected to find content: 'Dashboard' but never did.\n    at Context.eval (https://nsioreporting2.test.vggdev.com/__cypress/tests?p=cypress\\integration\\BIR\\birlogin.spec.js:17:8)",
                "diff": null
              },
              "uuid": "e2eb050b-cd25-4985-9899-9894298f6b58",
              "parentUUID": "bb6ab562-2f9a-4106-9ee5-7717a5c9486c",
              "isHook": false,
              "skipped": false
            }
          ],
          "suites": [],
          "passes": [],
          "failures": [
            "e2eb050b-cd25-4985-9899-9894298f6b58"
          ],
          "pending": [],
          "skipped": [],
          "duration": 59133,
          "root": false,
          "rootEmpty": false,
          "_timeout": 2000
        }
      ],
      "passes": [],
      "failures": [],
      "pending": [],
      "skipped": [],
      "duration": 0,
      "root": true,
      "rootEmpty": true,
      "_timeout": 2000
    }
  ],
  "meta": {
    "mocha": {
      "version": "7.0.1"
    },
    "mochawesome": {
      "options": {
        "quiet": true,
        "reportFilename": "mochawesome",
        "saveHtml": false,
        "saveJson": true,
        "consoleReporter": "spec",
        "useInlineDiffs": false
      },
      "version": "4.1.0"
    },
    "marge": {
      "options": {
        "id": "default",
        "reportDir": "cypress/reports/mocha",
        "quiet": true,
        "overwrite": false,
        "html": false,
        "json": true
      },
      "version": "4.1.0"
    }
  }
}