{
  "stats": {
    "suites": 1,
    "tests": 1,
    "passes": 0,
    "pending": 0,
    "failures": 1,
    "start": "2020-06-26T20:06:38.320Z",
    "end": "2020-06-26T20:08:06.506Z",
    "duration": 88186,
    "testsRegistered": 2,
    "passPercent": 0,
    "pendingPercent": 0,
    "other": 1,
    "hasOther": true,
    "skipped": 1,
    "hasSkipped": true
  },
  "results": [
    {
      "uuid": "9315f250-d589-4c06-9c9f-92076d15364e",
      "title": "",
      "fullFile": "cypress\\integration\\Random\\elsie.spec.js",
      "file": "cypress\\integration\\Random\\elsie.spec.js",
      "beforeHooks": [],
      "afterHooks": [],
      "tests": [],
      "suites": [
        {
          "uuid": "5ac25640-d8e5-44d6-8a8b-b5ead47c226a",
          "title": "Total BI Test web",
          "fullFile": "",
          "file": "",
          "beforeHooks": [],
          "afterHooks": [],
          "tests": [
            {
              "title": "Create a new User",
              "fullTitle": "Total BI Test web Create a new User",
              "timedOut": null,
              "duration": 8728,
              "state": "failed",
              "speed": null,
              "pass": false,
              "fail": true,
              "pending": false,
              "context": null,
              "code": "cy.get('.subnav-list > :nth-child(3) > .subnav-item').click({\n  multiple: true\n});\ncy.get('.navbar-header > div').click({\n  multiple: true\n});\ncy.get('.subnav-list > :nth-child(3) > .subnav-item').click({\n  multiple: true\n});\ncy.get(':nth-child(1) > .sidenav-item').click({\n  force: true\n});\ncy.wait(800);\ncy.get('#createUser').click({\n  force: true\n});\ncy, wait(4000);\ncy.get('#userMgtModal').cick();\ncy.get('#FirstName').type('oky');\ncy.get('#LastName').type('Training');\ncy.get('#Email').type('okay@mailinator.com');\ncy.get('#Password').type('password1');\ncy.get('#ConfirmPassword').type('password1');\ncy.get('#Mobile').type('08062741123');\ncy.wait(5000);\ncy.get(\"#SelectedUserRoleName\").select(\"Disco Operative\").should('have.value', '114');\ncy.wait(5000);\ncy.contains('Check All');\ncy.get('#checkAll').click({\n  force: true\n});\ncy.wait(5000);\ncy.get('#selectedAdminScope').select('National').should('have.value', '2');\ncy.get('#submitForm').click({\n  force: true\n});",
              "err": {
                "message": "CypressError: Cypress command timeout of `4000ms` exceeded.\n\nBecause this error occurred during a `after each` hook we are skipping the remaining tests in the current suite: `Total BI Test web`",
                "estack": "CypressError: Cypress command timeout of `4000ms` exceeded.\n\nBecause this error occurred during a `after each` hook we are skipping the remaining tests in the current suite: `Total BI Test web`\n    at cypressErr (http://ekedc-bi-web.staging.vggdev.com/__cypress/runner/cypress_runner.js:158025:16)\n    at Object.errByPath (http://ekedc-bi-web.staging.vggdev.com/__cypress/runner/cypress_runner.js:158080:10)\n    at http://ekedc-bi-web.staging.vggdev.com/__cypress/runner/cypress_runner.js:159537:27",
                "diff": null
              },
              "uuid": "0ee4fa5f-b55d-4e9c-b440-63cf99622ac9",
              "parentUUID": "5ac25640-d8e5-44d6-8a8b-b5ead47c226a",
              "isHook": false,
              "skipped": false
            },
            {
              "title": "Edit User",
              "fullTitle": "Total BI Test web Edit User",
              "timedOut": null,
              "duration": 0,
              "state": "skipped",
              "speed": null,
              "pass": false,
              "fail": false,
              "pending": false,
              "context": null,
              "code": "cy.contains('Existing Users');\ncy.get(':nth-child(5) > :nth-child(1) > .panel > .panel-body');\ncy.get(':nth-child(1) > :nth-child(6) > #editUser').click();\ncy.get('#FirstName').type('okychi');\ncy.get('#LastName').type('best');\ncy.get('#Email').type('okay@mailinator.com');\ncy.get('#Mobile').type('08092751420');\ncy.wait(5000);\ncy.contains('Check All');\ncy.get('#checkAll').click({\n  force: true\n});\ncy.wait(5000);",
              "err": {},
              "uuid": "7ba8a707-178c-40b4-a6ff-bb06afba079d",
              "parentUUID": "5ac25640-d8e5-44d6-8a8b-b5ead47c226a",
              "isHook": false,
              "skipped": true
            }
          ],
          "suites": [],
          "passes": [],
          "failures": [
            "0ee4fa5f-b55d-4e9c-b440-63cf99622ac9"
          ],
          "pending": [],
          "skipped": [
            "7ba8a707-178c-40b4-a6ff-bb06afba079d"
          ],
          "duration": 8728,
          "root": false,
          "rootEmpty": false,
          "_timeout": 2000
        }
      ],
      "passes": [],
      "failures": [],
      "pending": [],
      "skipped": [],
      "duration": 0,
      "root": true,
      "rootEmpty": true,
      "_timeout": 2000
    }
  ],
  "meta": {
    "mocha": {
      "version": "7.0.1"
    },
    "mochawesome": {
      "options": {
        "quiet": true,
        "reportFilename": "mochawesome",
        "saveHtml": false,
        "saveJson": true,
        "consoleReporter": "spec",
        "useInlineDiffs": false
      },
      "version": "4.1.0"
    },
    "marge": {
      "options": {
        "id": "default",
        "reportDir": "cypress/reports/mocha",
        "quiet": true,
        "overwrite": false,
        "html": false,
        "json": true
      },
      "version": "4.1.0"
    }
  }
}