{
  "stats": {
    "suites": 1,
    "tests": 1,
    "passes": 0,
    "pending": 0,
    "failures": 1,
    "start": "2020-05-13T11:00:07.477Z",
    "end": "2020-05-13T11:00:40.934Z",
    "duration": 33457,
    "testsRegistered": 1,
    "passPercent": 0,
    "pendingPercent": 0,
    "other": 0,
    "hasOther": false,
    "skipped": 0,
    "hasSkipped": false
  },
  "results": [
    {
      "uuid": "10474d29-d303-4dff-9046-4f1d58a839f3",
      "title": "",
      "fullFile": "cypress\\integration\\TrackWithUs\\testlogout.spec.js",
      "file": "cypress\\integration\\TrackWithUs\\testlogout.spec.js",
      "beforeHooks": [],
      "afterHooks": [],
      "tests": [],
      "suites": [
        {
          "uuid": "e08f05e5-8ab6-4fc4-804a-6c4d682cc810",
          "title": "Testing of TRACKWITHUS WEB",
          "fullFile": "",
          "file": "",
          "beforeHooks": [],
          "afterHooks": [],
          "tests": [
            {
              "title": "Logout of Application",
              "fullTitle": "Testing of TRACKWITHUS WEB Logout of Application",
              "timedOut": null,
              "duration": 27736,
              "state": "failed",
              "speed": null,
              "pass": false,
              "fail": true,
              "pending": false,
              "context": null,
              "code": "cy.visit(\"http://trackwithus.test.vggdev.com/\");\ncy.url().should(\"include\", \"/account/login\");\ncy.get('#Email').type(\"blip@mailinator.com\");\ncy.get('#Password').type(\"P@ssword1\");\ncy.contains('Login');\ncy.get(':nth-child(4) > button').click({\n  force: true\n});\ncy.wait(5000);\ncy.get('img');\ncy.wait(500);\ncy.contains('TrackWithUs');\ncy.wait(500);\ncy.contains('Dashboard');\ncy.wait(2000);\ncy.get('#user').click();\ncy.wait(5000);\ncy.get(':nth-child(4) > .text-danger').click({\n  force: true\n});",
              "err": {
                "message": "AssertionError: Timed out retrying: Expected to find content: 'TrackWithUs' but never did.",
                "estack": "AssertionError: Timed out retrying: Expected to find content: 'TrackWithUs' but never did.\nAssertionError: Expected to find element: `:not(script,style):cy-contains('TrackWithUs'), [type='submit'][value~='TrackWithUs']`, but never found it.\n    at ensureExistence (http://trackwithus.test.vggdev.com/__cypress/runner/cypress_runner.js:137673:32)\n    at Object.ensureElExistence (http://trackwithus.test.vggdev.com/__cypress/runner/cypress_runner.js:137691:12)\n    at ensureExistence (http://trackwithus.test.vggdev.com/__cypress/runner/cypress_runner.js:127867:23)\n    at onFailFn (http://trackwithus.test.vggdev.com/__cypress/runner/cypress_runner.js:127905:9)\n    at tryCatcher (http://trackwithus.test.vggdev.com/__cypress/runner/cypress_runner.js:9065:23)\n    at Promise._settlePromiseFromHandler (http://trackwithus.test.vggdev.com/__cypress/runner/cypress_runner.js:7000:31)\n    at Promise._settlePromise (http://trackwithus.test.vggdev.com/__cypress/runner/cypress_runner.js:7057:18)\n    at Promise._settlePromise0 (http://trackwithus.test.vggdev.com/__cypress/runner/cypress_runner.js:7102:10)\n    at Promise._settlePromises (http://trackwithus.test.vggdev.com/__cypress/runner/cypress_runner.js:7178:18)\n    at _drainQueueStep (http://trackwithus.test.vggdev.com/__cypress/runner/cypress_runner.js:3772:12)\n    at _drainQueue (http://trackwithus.test.vggdev.com/__cypress/runner/cypress_runner.js:3765:9)\n    at Async.../../node_modules/bluebird/js/release/async.js.Async._drainQueues (http://trackwithus.test.vggdev.com/__cypress/runner/cypress_runner.js:3781:5)\n    at Async.drainQueues (http://trackwithus.test.vggdev.com/__cypress/runner/cypress_runner.js:3651:14)",
                "diff": null
              },
              "uuid": "d1b27614-5a9b-4cd7-a923-56b26e3d7768",
              "parentUUID": "e08f05e5-8ab6-4fc4-804a-6c4d682cc810",
              "isHook": false,
              "skipped": false
            }
          ],
          "suites": [],
          "passes": [],
          "failures": [
            "d1b27614-5a9b-4cd7-a923-56b26e3d7768"
          ],
          "pending": [],
          "skipped": [],
          "duration": 27736,
          "root": false,
          "rootEmpty": false,
          "_timeout": 2000
        }
      ],
      "passes": [],
      "failures": [],
      "pending": [],
      "skipped": [],
      "duration": 0,
      "root": true,
      "rootEmpty": true,
      "_timeout": 2000
    }
  ],
  "meta": {
    "mocha": {
      "version": "7.0.1"
    },
    "mochawesome": {
      "options": {
        "quiet": true,
        "reportFilename": "mochawesome",
        "saveHtml": false,
        "saveJson": true,
        "consoleReporter": "spec",
        "useInlineDiffs": false
      },
      "version": "4.1.0"
    },
    "marge": {
      "options": {
        "id": "default",
        "reportDir": "cypress/reports/mocha",
        "quiet": true,
        "overwrite": false,
        "html": false,
        "json": true
      },
      "version": "4.1.0"
    }
  }
}