{
  "stats": {
    "suites": 1,
    "tests": 10,
    "passes": 9,
    "pending": 0,
    "failures": 1,
    "start": "2020-05-13T11:00:55.328Z",
    "end": "2020-05-13T11:08:04.682Z",
    "duration": 429354,
    "testsRegistered": 10,
    "passPercent": 90,
    "pendingPercent": 0,
    "other": 0,
    "hasOther": false,
    "skipped": 0,
    "hasSkipped": false
  },
  "results": [
    {
      "uuid": "290ea25c-d182-4e60-b1e2-81be2cff7cc7",
      "title": "",
      "fullFile": "cypress\\integration\\TrackWithUs\\trackwithus.spec.js",
      "file": "cypress\\integration\\TrackWithUs\\trackwithus.spec.js",
      "beforeHooks": [],
      "afterHooks": [],
      "tests": [],
      "suites": [
        {
          "uuid": "539b3bd1-8b0c-48e9-940e-3f287fda07cf",
          "title": "Testing of TRACKWITHUS WEB",
          "fullFile": "",
          "file": "",
          "beforeHooks": [],
          "afterHooks": [],
          "tests": [
            {
              "title": "Login to the Application",
              "fullTitle": "Testing of TRACKWITHUS WEB Login to the Application",
              "timedOut": null,
              "duration": 45364,
              "state": "passed",
              "speed": "slow",
              "pass": true,
              "fail": false,
              "pending": false,
              "context": null,
              "code": "cy.wait(7000);\ncy.get('img');\ncy.contains('TrackWithUs');\ncy.contains('Dashboard');\ncy.wait(2000);\ncy.get('li.active > .text-primary').click();",
              "err": {},
              "uuid": "4996c489-9e19-4564-adf2-2bace86a5297",
              "parentUUID": "539b3bd1-8b0c-48e9-940e-3f287fda07cf",
              "isHook": false,
              "skipped": false
            },
            {
              "title": " View Report Field Module",
              "fullTitle": "Testing of TRACKWITHUS WEB  View Report Field Module",
              "timedOut": null,
              "duration": 40948,
              "state": "passed",
              "speed": "slow",
              "pass": true,
              "fail": false,
              "pending": false,
              "context": null,
              "code": "cy.contains('Field Reports');\ncy.get('#fieldReports > .subnav-item').click({\n  force: true\n});\ncy.wait(5000);\ncy.contains('Existing Field Reports');\ncy.get(':nth-child(1) > :nth-child(7) > #editReport').click({\n  force: true\n});\ncy.wait(5000);\ncy.contains('View Report');\ncy.wait(5000);\ncy.contains('Close');\ncy.get('#processFormModal > .modal-dialog > .modal-content > .modal-footer > .btn-custom-red').click({\n  force: true\n});\ncy.wait(2000);\ncy.contains('Existing Field Reports');",
              "err": {},
              "uuid": "d41a2b03-e6dc-4017-93fc-d140c1b42253",
              "parentUUID": "539b3bd1-8b0c-48e9-940e-3f287fda07cf",
              "isHook": false,
              "skipped": false
            },
            {
              "title": "Search Field Report",
              "fullTitle": "Testing of TRACKWITHUS WEB Search Field Report",
              "timedOut": null,
              "duration": 40066,
              "state": "passed",
              "speed": "slow",
              "pass": true,
              "fail": false,
              "pending": false,
              "context": null,
              "code": "cy.wait(2000);\ncy.contains('Field Reports');\ncy.get('#fieldReports > .subnav-item').click({\n  force: true\n});\ncy.wait(5000);\ncy.contains('Existing Field Reports');\ncy.contains('Search');\ncy.get('.app-search > .form-control').type('National Home Grown School Feeding Programme');\ncy.wait(5000);\ncy.contains('Existing Field Reports');",
              "err": {},
              "uuid": "924d271b-96b4-4e6e-b61e-c68fed8bdbcc",
              "parentUUID": "539b3bd1-8b0c-48e9-940e-3f287fda07cf",
              "isHook": false,
              "skipped": false
            },
            {
              "title": "View Field Report Template",
              "fullTitle": "Testing of TRACKWITHUS WEB View Field Report Template",
              "timedOut": null,
              "duration": 50135,
              "state": "passed",
              "speed": "slow",
              "pass": true,
              "fail": false,
              "pending": false,
              "context": null,
              "code": "cy.wait(2000);\ncy.contains('Field Report Template');\ncy.get('#fieldReportTemplates > .subnav-item').click({\n  force: true\n});\ncy.wait(5000);\ncy.contains('Existing Report Templates');\ncy.get('#cloneAuthoredForm22').click({\n  force: true\n});\ncy.wait(5000);\ncy.contains('Field Report Template');\ncy.wait(5000);\ncy.contains('Save');\ncy.get('#saveFieldReport').click({\n  force: true\n});\ncy.wait(2000);\ncy.contains('Existing Report Templates');",
              "err": {},
              "uuid": "5c305ae0-7853-402b-9b37-d7a91efaf9fb",
              "parentUUID": "539b3bd1-8b0c-48e9-940e-3f287fda07cf",
              "isHook": false,
              "skipped": false
            },
            {
              "title": "View and Search Social Programs Admin",
              "fullTitle": "Testing of TRACKWITHUS WEB View and Search Social Programs Admin",
              "timedOut": null,
              "duration": 48376,
              "state": "passed",
              "speed": "slow",
              "pass": true,
              "fail": false,
              "pending": false,
              "context": null,
              "code": "cy.contains('Social Programs Admin');\ncy.get('#socialProgramsAdmin > .subnav-item').click({\n  force: true\n});\ncy.wait(5000);\ncy.contains('Manage Social Programmes');\ncy.contains('Manage Business Indicators');\ncy.contains('Add Social Programme');\ncy.get('#createProgramme').click({\n  force: true\n});\ncy.contains('Add Programme & Cluster Form');\ncy.wait(2000);\ncy.get('.programme-form-modal > .modal-dialog > .modal-content > .modal-footer > .btn-custom-red').click({\n  force: true\n});\ncy.wait(5000);\ncy.contains('Add Social Programme');\ncy.wait(5000);\ncy.get('.app-search > .form-control').type('Test VGG').click();",
              "err": {},
              "uuid": "12bdb6f4-985d-4547-a8f6-fdd79ad45e2d",
              "parentUUID": "539b3bd1-8b0c-48e9-940e-3f287fda07cf",
              "isHook": false,
              "skipped": false
            },
            {
              "title": "View Issues Management",
              "fullTitle": "Testing of TRACKWITHUS WEB View Issues Management",
              "timedOut": null,
              "duration": 32704,
              "state": "passed",
              "speed": "slow",
              "pass": true,
              "fail": false,
              "pending": false,
              "context": null,
              "code": "cy.contains('Issue Management');\ncy.get('#issuesManagement > .subnav-item').click({\n  force: true\n});\ncy.wait(5000);\ncy.contains('Reported Issues');\ncy.get(':nth-child(1) > .subnav-item').click();",
              "err": {},
              "uuid": "2a828331-8a79-4ab6-81d0-2e8a42a658d9",
              "parentUUID": "539b3bd1-8b0c-48e9-940e-3f287fda07cf",
              "isHook": false,
              "skipped": false
            },
            {
              "title": "View People Performance And Search",
              "fullTitle": "Testing of TRACKWITHUS WEB View People Performance And Search",
              "timedOut": null,
              "duration": 33285,
              "state": "passed",
              "speed": "slow",
              "pass": true,
              "fail": false,
              "pending": false,
              "context": null,
              "code": "cy.contains('People Performance');\ncy.get('#peoplePerformance > .subnav-item').click({\n  force: true\n});\ncy.wait(5000);\ncy.contains('Performance Analysis');\ncy.get('.app-search > .form-control').type(\"NSIP-MONITOR-1603\");\ncy.contains('Showing 1 to 1 of 1 entries');",
              "err": {},
              "uuid": "cb5531ad-0011-42db-bbc8-0a57362edf2c",
              "parentUUID": "539b3bd1-8b0c-48e9-940e-3f287fda07cf",
              "isHook": false,
              "skipped": false
            },
            {
              "title": "Filter Report Comparison",
              "fullTitle": "Testing of TRACKWITHUS WEB Filter Report Comparison",
              "timedOut": null,
              "duration": 41828,
              "state": "passed",
              "speed": "slow",
              "pass": true,
              "fail": false,
              "pending": false,
              "context": null,
              "code": "cy.wait(2000);\ncy.get('img');\ncy.wait(2000);\ncy.contains('TrackWithUs');\ncy.contains('Dashboard');\ncy.contains('Report Comparison');\ncy.get('#reportComparison > .subnav-item').click({\n  force: true\n});\ncy.wait(5000);\ncy.contains('Report Comparison Data');\ncy.get('#filterGrid').click();\ncy.get('#program').select('National Home Grown School Feeding Programme').should('have.value', '4');\ncy.get('#selected_month').select('March').should('have.value', '3');\ncy.get('#selected_year').select('2020');\ncy.get('#filterForm').click();\ncy.wait(6000);\ncy.contains('Report Comparison Data');\ncy.contains('Showing 1 to 1 of 1 entries');",
              "err": {},
              "uuid": "392813ad-029d-425a-934a-34017c2df090",
              "parentUUID": "539b3bd1-8b0c-48e9-940e-3f287fda07cf",
              "isHook": false,
              "skipped": false
            },
            {
              "title": "Edit User role",
              "fullTitle": "Testing of TRACKWITHUS WEB Edit User role",
              "timedOut": null,
              "duration": 37836,
              "state": "passed",
              "speed": "slow",
              "pass": true,
              "fail": false,
              "pending": false,
              "context": null,
              "code": "cy.contains('Admin');\ncy.get('#userAdmin > .subnav-item').click({\n  force: true\n});\ncy.wait(2000);\ncy.contains('Manage User Roles');\ncy.contains('Manage Users');\ncy.contains('Manage Devices');\ncy.wait(1000);\ncy.contains('Existing Roles');\ncy.get(':nth-child(1) > :nth-child(4) > #editRole').click({\n  force: true\n});\ncy.wait(2000);\ncy.contains('Close');\ncy.get('.container-fluid > .modal > .modal-dialog > .modal-content > .modal-footer > .btn-custom-red').click({\n  force: true\n});\ncy.contains('Existing Role');\ncy.wait(1000);\ncy.contains('Role Name');\ncy.get(':nth-child(1) > :nth-child(4) > #editRole').click({\n  force: true\n});\ncy.wait(2000);\ncy.contains('Close');\ncy.get('.container-fluid > .modal > .modal-dialog > .modal-content > .modal-footer > .btn-custom-red').click({\n  force: true\n});\ncy.contains('Existing Role');",
              "err": {},
              "uuid": "03e2e617-3cf6-4e0c-9062-5d762877afda",
              "parentUUID": "539b3bd1-8b0c-48e9-940e-3f287fda07cf",
              "isHook": false,
              "skipped": false
            },
            {
              "title": "Edit A user",
              "fullTitle": "Testing of TRACKWITHUS WEB Edit A user",
              "timedOut": null,
              "duration": 53802,
              "state": "failed",
              "speed": null,
              "pass": false,
              "fail": true,
              "pending": false,
              "context": null,
              "code": "cy.contains('Admin');\ncy.get('#userAdmin > .subnav-item').click({\n  force: true\n});\ncy.wait(1000);\ncy.contains('Manage Users');\ncy.get('#sidenavManageUser > .sidenav-item').click({\n  force: true\n});\ncy.wait(5000);\ncy.contains('Full Name');\ncy.get(':nth-child(1) > :nth-child(7) > #editUser').click({\n  force: true\n});\ncy.wait(2000);\ncy.get('#MiddleName').clear().type('Gof');\ncy.wait(1000); // cy.get('#MiddleName').type('Parrot')\ncy.wait(2000);\ncy.get('#submitForm').click({\n  force: true\n});\ncy.contains('Submit');\ncy.wait(5000);\ncy.contains('Add User');\ncy.wait(2000);\ncy.get('#user').click();\ncy.wait(5000);\ncy.get(':nth-child(4) > .text-danger').click({\n  force: true\n});",
              "err": {
                "message": "CypressError: Timed out retrying: `cy.click()` failed because this element is not visible:\n\n`<span id=\"user\" class=\"img-circle user-img\">VT</span>`\n\nThis element `<span#user.img-circle.user-img>` is not visible because it has CSS property: `position: fixed` and it's being covered by another element:\n\n`<div class=\"modal fade userMgt-modal in\" tabindex=\"-1\" role=\"dialog\" aria-labelledby=\"userMgtModal\" aria-hidden=\"true\" style=\"display: block;\">...</div>`\n\nFix this problem, or use `{force: true}` to disable error checking.\n\nhttps://on.cypress.io/element-cannot-be-interacted-with",
                "estack": "CypressError: Timed out retrying: `cy.click()` failed because this element is not visible:\n\n`<span id=\"user\" class=\"img-circle user-img\">VT</span>`\n\nThis element `<span#user.img-circle.user-img>` is not visible because it has CSS property: `position: fixed` and it's being covered by another element:\n\n`<div class=\"modal fade userMgt-modal in\" tabindex=\"-1\" role=\"dialog\" aria-labelledby=\"userMgtModal\" aria-hidden=\"true\" style=\"display: block;\">...</div>`\n\nFix this problem, or use `{force: true}` to disable error checking.\n\nhttps://on.cypress.io/element-cannot-be-interacted-with\n    at cypressErr (http://trackwithus.test.vggdev.com/__cypress/runner/cypress_runner.js:146621:16)\n    at cypressErrByPath (http://trackwithus.test.vggdev.com/__cypress/runner/cypress_runner.js:146630:10)\n    at Object.throwErrByPath (http://trackwithus.test.vggdev.com/__cypress/runner/cypress_runner.js:146593:11)\n    at Object.ensureVisibility (http://trackwithus.test.vggdev.com/__cypress/runner/cypress_runner.js:137599:24)\n    at runAllChecks (http://trackwithus.test.vggdev.com/__cypress/runner/cypress_runner.js:127499:14)\n    at retryActionability (http://trackwithus.test.vggdev.com/__cypress/runner/cypress_runner.js:127542:16)\n    at tryCatcher (http://trackwithus.test.vggdev.com/__cypress/runner/cypress_runner.js:9065:23)\n    at Function.Promise.attempt.Promise.try (http://trackwithus.test.vggdev.com/__cypress/runner/cypress_runner.js:6339:29)\n    at tryFn (http://trackwithus.test.vggdev.com/__cypress/runner/cypress_runner.js:140680:21)\n    at whenStable (http://trackwithus.test.vggdev.com/__cypress/runner/cypress_runner.js:140715:12)\n    at http://trackwithus.test.vggdev.com/__cypress/runner/cypress_runner.js:140259:16\n    at tryCatcher (http://trackwithus.test.vggdev.com/__cypress/runner/cypress_runner.js:9065:23)\n    at Promise._settlePromiseFromHandler (http://trackwithus.test.vggdev.com/__cypress/runner/cypress_runner.js:7000:31)\n    at Promise._settlePromise (http://trackwithus.test.vggdev.com/__cypress/runner/cypress_runner.js:7057:18)\n    at Promise._settlePromise0 (http://trackwithus.test.vggdev.com/__cypress/runner/cypress_runner.js:7102:10)\n    at Promise._settlePromises (http://trackwithus.test.vggdev.com/__cypress/runner/cypress_runner.js:7182:18)",
                "diff": null
              },
              "uuid": "7cb70db9-56b0-4688-b17f-fbfebb0ea196",
              "parentUUID": "539b3bd1-8b0c-48e9-940e-3f287fda07cf",
              "isHook": false,
              "skipped": false
            }
          ],
          "suites": [],
          "passes": [
            "4996c489-9e19-4564-adf2-2bace86a5297",
            "d41a2b03-e6dc-4017-93fc-d140c1b42253",
            "924d271b-96b4-4e6e-b61e-c68fed8bdbcc",
            "5c305ae0-7853-402b-9b37-d7a91efaf9fb",
            "12bdb6f4-985d-4547-a8f6-fdd79ad45e2d",
            "2a828331-8a79-4ab6-81d0-2e8a42a658d9",
            "cb5531ad-0011-42db-bbc8-0a57362edf2c",
            "392813ad-029d-425a-934a-34017c2df090",
            "03e2e617-3cf6-4e0c-9062-5d762877afda"
          ],
          "failures": [
            "7cb70db9-56b0-4688-b17f-fbfebb0ea196"
          ],
          "pending": [],
          "skipped": [],
          "duration": 424344,
          "root": false,
          "rootEmpty": false,
          "_timeout": 2000
        }
      ],
      "passes": [],
      "failures": [],
      "pending": [],
      "skipped": [],
      "duration": 0,
      "root": true,
      "rootEmpty": true,
      "_timeout": 2000
    }
  ],
  "meta": {
    "mocha": {
      "version": "7.0.1"
    },
    "mochawesome": {
      "options": {
        "quiet": true,
        "reportFilename": "mochawesome",
        "saveHtml": false,
        "saveJson": true,
        "consoleReporter": "spec",
        "useInlineDiffs": false
      },
      "version": "4.1.0"
    },
    "marge": {
      "options": {
        "id": "default",
        "reportDir": "cypress/reports/mocha",
        "quiet": true,
        "overwrite": false,
        "html": false,
        "json": true
      },
      "version": "4.1.0"
    }
  }
}