{
  "stats": {
    "suites": 1,
    "tests": 1,
    "passes": 0,
    "pending": 0,
    "failures": 1,
    "start": "2020-05-13T09:43:29.684Z",
    "end": "2020-05-13T09:44:13.087Z",
    "duration": 43403,
    "testsRegistered": 1,
    "passPercent": 0,
    "pendingPercent": 0,
    "other": 0,
    "hasOther": false,
    "skipped": 0,
    "hasSkipped": false
  },
  "results": [
    {
      "uuid": "2d01739f-08f3-4b13-9096-b4003dc9cd82",
      "title": "",
      "fullFile": "cypress\\integration\\TrackWithUs\\filterreportcomparison.spec.js",
      "file": "cypress\\integration\\TrackWithUs\\filterreportcomparison.spec.js",
      "beforeHooks": [],
      "afterHooks": [],
      "tests": [],
      "suites": [
        {
          "uuid": "af462495-09e0-4ab2-8ef5-eb99169d7079",
          "title": "Testing of TRACKWITHUS WEB",
          "fullFile": "",
          "file": "",
          "beforeHooks": [],
          "afterHooks": [],
          "tests": [
            {
              "title": "Login and View a module",
              "fullTitle": "Testing of TRACKWITHUS WEB Login and View a module",
              "timedOut": null,
              "duration": 43328,
              "state": "failed",
              "speed": null,
              "pass": false,
              "fail": true,
              "pending": false,
              "context": null,
              "code": "cy.visit(\"http://trackwithus.test.vggdev.com/\");\ncy.url().should(\"include\", \"/account/login\");\ncy.get('#Email').type(\"faraday@mailinator.com\");\ncy.get('#Password').type(\"P@ssword1\");\ncy.get(':nth-child(4) > button').click({\n  force: true\n});\ncy.wait(2000);\ncy.get('img');\ncy.wait(2000);\ncy.contains('TrackWithUs');\ncy.contains('Dashboard');\ncy.contains('Report Comparison');\ncy.get('#reportComparison > .subnav-item').click({\n  force: true\n});\ncy.wait(5000);\ncy.contains('Report Comparison Data');\ncy.get('#filterGrid').click();\ncy.get('#program').select('National Home Grown School Feeding Programme').should('have.value', '4');\ncy.get('#selected_month').select('March').should('have.value', '3');\ncy.get('#selected_year').select('2020');\ncy.get('#filterForm').click();\ncy.wait(6000);\ncy.contains('Report Comparison Data');\ncy.contains('Showing 1 to 1 of 1 entries');\ncy.get(':nth-child(1) > .subnav-item').click();",
              "err": {
                "message": "CypressError: `cy.visit()` failed trying to load:\n\nhttp://trackwithus.test.vggdev.com/\n\nWe attempted to make an http request to this URL but the request failed without a response.\n\nWe received this error at the network level:\n\n  > Error: connect ETIMEDOUT 154.113.17.145:80\n\nCommon situations why this would fail:\n  - you don't have internet access\n  - you forgot to run / boot your web server\n  - your web server isn't accessible\n  - you have weird network configuration settings on your computer\n\nThe stack trace for this error is:\n\nError: connect ETIMEDOUT 154.113.17.145:80\n    at TCPConnectWrap.afterConnect [as oncomplete] (net.js:1128:14)\n",
                "estack": "CypressError: `cy.visit()` failed trying to load:\n\nhttp://trackwithus.test.vggdev.com/\n\nWe attempted to make an http request to this URL but the request failed without a response.\n\nWe received this error at the network level:\n\n  > Error: connect ETIMEDOUT 154.113.17.145:80\n\nCommon situations why this would fail:\n  - you don't have internet access\n  - you forgot to run / boot your web server\n  - your web server isn't accessible\n  - you have weird network configuration settings on your computer\n\nThe stack trace for this error is:\n\nError: connect ETIMEDOUT 154.113.17.145:80\n    at TCPConnectWrap.afterConnect [as oncomplete] (net.js:1128:14)\n\n",
                "diff": null
              },
              "uuid": "572912fd-a53b-4afb-86e1-3711e0117d3a",
              "parentUUID": "af462495-09e0-4ab2-8ef5-eb99169d7079",
              "isHook": false,
              "skipped": false
            }
          ],
          "suites": [],
          "passes": [],
          "failures": [
            "572912fd-a53b-4afb-86e1-3711e0117d3a"
          ],
          "pending": [],
          "skipped": [],
          "duration": 43328,
          "root": false,
          "rootEmpty": false,
          "_timeout": 2000
        }
      ],
      "passes": [],
      "failures": [],
      "pending": [],
      "skipped": [],
      "duration": 0,
      "root": true,
      "rootEmpty": true,
      "_timeout": 2000
    }
  ],
  "meta": {
    "mocha": {
      "version": "7.0.1"
    },
    "mochawesome": {
      "options": {
        "quiet": true,
        "reportFilename": "mochawesome",
        "saveHtml": false,
        "saveJson": true,
        "consoleReporter": "spec",
        "useInlineDiffs": false
      },
      "version": "4.1.0"
    },
    "marge": {
      "options": {
        "id": "default",
        "reportDir": "cypress/reports/mocha",
        "quiet": true,
        "overwrite": false,
        "html": false,
        "json": true
      },
      "version": "4.1.0"
    }
  }
}