{
  "stats": {
    "suites": 1,
    "tests": 1,
    "passes": 0,
    "pending": 0,
    "failures": 1,
    "start": "2020-05-13T09:39:50.673Z",
    "end": "2020-05-13T09:40:33.862Z",
    "duration": 43189,
    "testsRegistered": 1,
    "passPercent": 0,
    "pendingPercent": 0,
    "other": 0,
    "hasOther": false,
    "skipped": 0,
    "hasSkipped": false
  },
  "results": [
    {
      "uuid": "8b466628-e36a-4073-901e-4beb390b1b71",
      "title": "",
      "fullFile": "cypress\\integration\\cbrtest\\loginlogout.spec.js",
      "file": "cypress\\integration\\cbrtest\\loginlogout.spec.js",
      "beforeHooks": [],
      "afterHooks": [],
      "tests": [],
      "suites": [
        {
          "uuid": "a5452b3c-b923-48cf-8032-add3520c6e81",
          "title": "Testing CBR Web",
          "fullFile": "",
          "file": "",
          "beforeHooks": [],
          "afterHooks": [],
          "tests": [
            {
              "title": "Login Application",
              "fullTitle": "Testing CBR Web Login Application",
              "timedOut": null,
              "duration": 43088,
              "state": "failed",
              "speed": null,
              "pass": false,
              "fail": true,
              "pending": false,
              "context": null,
              "code": "cy.visit(\"https://cbr.test.vggdev.com\");\ncy.get('#exampleInputEmail').type(\"marky@mailinator.com\");\ncy.get('#exampleInputPassword').type(\"P@ssword21\");\ncy.get('#loginButton').click();\ncy.wait(9000);\ncy.url().should(\"include\", \"/home/dashboard\");\ncy.wait(3000);\ncy.contains('Dashboard');\ncy.contains('National Beneficiaries');\ncy.get('.navbar-collapse > .navbar-nav > .nav-item > .nav-link');\ncy.contains('Marky Tacky');\ncy.wait(5000); //User then Log Out\ncy.get('.navbar-collapse > .navbar-nav > .nav-item > .nav-link').click();\ncy.wait(1000);\ncy.contains('Logout');\ncy.get('.dropdown-user > :nth-child(5) > a').click({\n  force: true\n});\ncy.wait(2000);\ncy.contains('Forgot Password');",
              "err": {
                "message": "CypressError: `cy.visit()` failed trying to load:\n\nhttps://cbr.test.vggdev.com/\n\nWe attempted to make an http request to this URL but the request failed without a response.\n\nWe received this error at the network level:\n\n  > Error: connect ETIMEDOUT 154.113.17.145:443\n\nCommon situations why this would fail:\n  - you don't have internet access\n  - you forgot to run / boot your web server\n  - your web server isn't accessible\n  - you have weird network configuration settings on your computer\n\nThe stack trace for this error is:\n\nError: connect ETIMEDOUT 154.113.17.145:443\n    at TCPConnectWrap.afterConnect [as oncomplete] (net.js:1128:14)\n",
                "estack": "CypressError: `cy.visit()` failed trying to load:\n\nhttps://cbr.test.vggdev.com/\n\nWe attempted to make an http request to this URL but the request failed without a response.\n\nWe received this error at the network level:\n\n  > Error: connect ETIMEDOUT 154.113.17.145:443\n\nCommon situations why this would fail:\n  - you don't have internet access\n  - you forgot to run / boot your web server\n  - your web server isn't accessible\n  - you have weird network configuration settings on your computer\n\nThe stack trace for this error is:\n\nError: connect ETIMEDOUT 154.113.17.145:443\n    at TCPConnectWrap.afterConnect [as oncomplete] (net.js:1128:14)\n\n",
                "diff": null
              },
              "uuid": "5d84cb83-138f-488f-bc27-ea894b946932",
              "parentUUID": "a5452b3c-b923-48cf-8032-add3520c6e81",
              "isHook": false,
              "skipped": false
            }
          ],
          "suites": [],
          "passes": [],
          "failures": [
            "5d84cb83-138f-488f-bc27-ea894b946932"
          ],
          "pending": [],
          "skipped": [],
          "duration": 43088,
          "root": false,
          "rootEmpty": false,
          "_timeout": 2000
        }
      ],
      "passes": [],
      "failures": [],
      "pending": [],
      "skipped": [],
      "duration": 0,
      "root": true,
      "rootEmpty": true,
      "_timeout": 2000
    }
  ],
  "meta": {
    "mocha": {
      "version": "7.0.1"
    },
    "mochawesome": {
      "options": {
        "quiet": true,
        "reportFilename": "mochawesome",
        "saveHtml": false,
        "saveJson": true,
        "consoleReporter": "spec",
        "useInlineDiffs": false
      },
      "version": "4.1.0"
    },
    "marge": {
      "options": {
        "id": "default",
        "reportDir": "cypress/reports/mocha",
        "quiet": true,
        "overwrite": false,
        "html": false,
        "json": true
      },
      "version": "4.1.0"
    }
  }
}