{
  "stats": {
    "suites": 1,
    "tests": 1,
    "passes": 1,
    "pending": 0,
    "failures": 0,
    "start": "2020-05-13T12:00:13.575Z",
    "end": "2020-05-13T12:01:04.205Z",
    "duration": 50630,
    "testsRegistered": 1,
    "passPercent": 100,
    "pendingPercent": 0,
    "other": 0,
    "hasOther": false,
    "skipped": 0,
    "hasSkipped": false
  },
  "results": [
    {
      "uuid": "55fb2a14-193b-4285-98b3-f83b322ce8ca",
      "title": "",
      "fullFile": "cypress\\integration\\TrackWithUs\\filterreportcomparison.spec.js",
      "file": "cypress\\integration\\TrackWithUs\\filterreportcomparison.spec.js",
      "beforeHooks": [],
      "afterHooks": [],
      "tests": [],
      "suites": [
        {
          "uuid": "07234693-50da-40a7-b1fc-5d077e0b2075",
          "title": "Testing of TRACKWITHUS WEB",
          "fullFile": "",
          "file": "",
          "beforeHooks": [],
          "afterHooks": [],
          "tests": [
            {
              "title": "Login and View a module",
              "fullTitle": "Testing of TRACKWITHUS WEB Login and View a module",
              "timedOut": null,
              "duration": 43841,
              "state": "passed",
              "speed": "slow",
              "pass": true,
              "fail": false,
              "pending": false,
              "context": null,
              "code": "cy.visit(\"http://trackwithus.test.vggdev.com/\");\ncy.url().should(\"include\", \"/account/login\");\ncy.get('#Email').type(\"faraday@mailinator.com\");\ncy.get('#Password').type(\"P@ssword1\");\ncy.get(':nth-child(4) > button').click({\n  force: true\n});\ncy.wait(2000);\ncy.get('img');\ncy.wait(2000);\ncy.contains('TrackWithUs');\ncy.contains('Dashboard');\ncy.contains('Report Comparison');\ncy.get('#reportComparison > .subnav-item').click({\n  force: true\n});\ncy.wait(5000);\ncy.contains('Report Comparison Data');\ncy.get('#filterGrid').click();\ncy.get('#program').select('National Home Grown School Feeding Programme').should('have.value', '4');\ncy.get('#selected_month').select('March').should('have.value', '3');\ncy.get('#selected_year').select('2020');\ncy.get('#filterForm').click();\ncy.wait(6000);\ncy.contains('Report Comparison Data');\ncy.contains('Showing 1 to 1 of 1 entries');\ncy.get(':nth-child(1) > .subnav-item').click();",
              "err": {},
              "uuid": "3f21a7b0-ac50-426f-8e76-ad05e78a5c84",
              "parentUUID": "07234693-50da-40a7-b1fc-5d077e0b2075",
              "isHook": false,
              "skipped": false
            }
          ],
          "suites": [],
          "passes": [
            "3f21a7b0-ac50-426f-8e76-ad05e78a5c84"
          ],
          "failures": [],
          "pending": [],
          "skipped": [],
          "duration": 43841,
          "root": false,
          "rootEmpty": false,
          "_timeout": 2000
        }
      ],
      "passes": [],
      "failures": [],
      "pending": [],
      "skipped": [],
      "duration": 0,
      "root": true,
      "rootEmpty": true,
      "_timeout": 2000
    }
  ],
  "meta": {
    "mocha": {
      "version": "7.0.1"
    },
    "mochawesome": {
      "options": {
        "quiet": true,
        "reportFilename": "mochawesome",
        "saveHtml": false,
        "saveJson": true,
        "consoleReporter": "spec",
        "useInlineDiffs": false
      },
      "version": "4.1.0"
    },
    "marge": {
      "options": {
        "id": "default",
        "reportDir": "cypress/reports/mocha",
        "quiet": true,
        "overwrite": false,
        "html": false,
        "json": true
      },
      "version": "4.1.0"
    }
  }
}