{
  "stats": {
    "suites": 1,
    "tests": 1,
    "passes": 1,
    "pending": 0,
    "failures": 0,
    "start": "2020-06-26T20:35:48.296Z",
    "end": "2020-06-26T20:37:16.830Z",
    "duration": 88534,
    "testsRegistered": 1,
    "passPercent": 100,
    "pendingPercent": 0,
    "other": 0,
    "hasOther": false,
    "skipped": 0,
    "hasSkipped": false
  },
  "results": [
    {
      "uuid": "16bb43e2-5ff2-4978-9c99-3eab5956463f",
      "title": "",
      "fullFile": "cypress\\integration\\TrackWithUs\\testlogout.spec.js",
      "file": "cypress\\integration\\TrackWithUs\\testlogout.spec.js",
      "beforeHooks": [],
      "afterHooks": [],
      "tests": [],
      "suites": [
        {
          "uuid": "cd49e367-c17f-4b89-befe-e13332768f39",
          "title": "Testing of TRACKWITHUS WEB",
          "fullFile": "",
          "file": "",
          "beforeHooks": [],
          "afterHooks": [],
          "tests": [
            {
              "title": "Logout of Application",
              "fullTitle": "Testing of TRACKWITHUS WEB Logout of Application",
              "timedOut": null,
              "duration": 83460,
              "state": "passed",
              "speed": "slow",
              "pass": true,
              "fail": false,
              "pending": false,
              "context": null,
              "code": "cy.visit(\"http://trackwithus.test.vggdev.com/\");\ncy.url().should(\"include\", \"/account/login\");\ncy.get('#Email').type(\"blip@mailinator.com\");\ncy.get('#Password').type(\"P@ssword21\");\ncy.contains('Login');\ncy.get(':nth-child(4) > button').click({\n  force: true\n});\ncy.wait(5000);\ncy.get('img');\ncy.wait(500);\ncy.contains('TrackWithUs');\ncy.wait(500);\ncy.contains('Dashboard');\ncy.wait(2000);\ncy.get('#user').click();\ncy.wait(5000);\ncy.get(':nth-child(4) > .text-danger').click({\n  force: true\n});",
              "err": {},
              "uuid": "398b6984-2853-483b-8662-b1d5292e49d9",
              "parentUUID": "cd49e367-c17f-4b89-befe-e13332768f39",
              "isHook": false,
              "skipped": false
            }
          ],
          "suites": [],
          "passes": [
            "398b6984-2853-483b-8662-b1d5292e49d9"
          ],
          "failures": [],
          "pending": [],
          "skipped": [],
          "duration": 83460,
          "root": false,
          "rootEmpty": false,
          "_timeout": 2000
        }
      ],
      "passes": [],
      "failures": [],
      "pending": [],
      "skipped": [],
      "duration": 0,
      "root": true,
      "rootEmpty": true,
      "_timeout": 2000
    }
  ],
  "meta": {
    "mocha": {
      "version": "7.0.1"
    },
    "mochawesome": {
      "options": {
        "quiet": true,
        "reportFilename": "mochawesome",
        "saveHtml": false,
        "saveJson": true,
        "consoleReporter": "spec",
        "useInlineDiffs": false
      },
      "version": "4.1.0"
    },
    "marge": {
      "options": {
        "id": "default",
        "reportDir": "cypress/reports/mocha",
        "quiet": true,
        "overwrite": false,
        "html": false,
        "json": true
      },
      "version": "4.1.0"
    }
  }
}