{
  "stats": {
    "suites": 1,
    "tests": 10,
    "passes": 9,
    "pending": 0,
    "failures": 1,
    "start": "2020-06-26T20:37:32.034Z",
    "end": "2020-06-26T20:43:47.966Z",
    "duration": 375932,
    "testsRegistered": 10,
    "passPercent": 90,
    "pendingPercent": 0,
    "other": 0,
    "hasOther": false,
    "skipped": 0,
    "hasSkipped": false
  },
  "results": [
    {
      "uuid": "70b600b0-d803-4885-88e0-764b4f0fe49b",
      "title": "",
      "fullFile": "cypress\\integration\\TrackWithUs\\trackwithus.spec.js",
      "file": "cypress\\integration\\TrackWithUs\\trackwithus.spec.js",
      "beforeHooks": [],
      "afterHooks": [],
      "tests": [],
      "suites": [
        {
          "uuid": "27e0fd36-690d-4f0f-9afc-5c201257fde1",
          "title": "Testing of TRACKWITHUS WEB",
          "fullFile": "",
          "file": "",
          "beforeHooks": [],
          "afterHooks": [],
          "tests": [
            {
              "title": "Login to the Application",
              "fullTitle": "Testing of TRACKWITHUS WEB Login to the Application",
              "timedOut": null,
              "duration": 50581,
              "state": "passed",
              "speed": "slow",
              "pass": true,
              "fail": false,
              "pending": false,
              "context": null,
              "code": "cy.wait(7000);\ncy.get('img');\ncy.contains('TrackWithUs');\ncy.contains('Dashboard');\ncy.wait(2000);\ncy.get('li.active > .text-primary').click();",
              "err": {},
              "uuid": "4a39f69e-38d2-4a4b-9dc1-e0c5da89eba0",
              "parentUUID": "27e0fd36-690d-4f0f-9afc-5c201257fde1",
              "isHook": false,
              "skipped": false
            },
            {
              "title": " View Report Field Module",
              "fullTitle": "Testing of TRACKWITHUS WEB  View Report Field Module",
              "timedOut": null,
              "duration": 41444,
              "state": "passed",
              "speed": "slow",
              "pass": true,
              "fail": false,
              "pending": false,
              "context": null,
              "code": "cy.contains('Field Reports');\ncy.get('#fieldReports > .subnav-item').click({\n  force: true\n});\ncy.wait(5000);\ncy.contains('Existing Field Reports');\ncy.wait(4000);\ncy.get(':nth-child(1) > :nth-child(7) > #editReport').click({\n  force: true\n});\ncy.wait(5000);\ncy.contains('View Report');\ncy.wait(5000);\ncy.contains('Close');\ncy.get('#processFormModal > .modal-dialog > .modal-content > .modal-footer > .btn-custom-red').click({\n  force: true\n});\ncy.wait(2000);\ncy.contains('Existing Field Reports');",
              "err": {},
              "uuid": "b7fe87d2-2b7e-4b85-b3dc-2d04bfa65b15",
              "parentUUID": "27e0fd36-690d-4f0f-9afc-5c201257fde1",
              "isHook": false,
              "skipped": false
            },
            {
              "title": "Search Field Report",
              "fullTitle": "Testing of TRACKWITHUS WEB Search Field Report",
              "timedOut": null,
              "duration": 31663,
              "state": "passed",
              "speed": "slow",
              "pass": true,
              "fail": false,
              "pending": false,
              "context": null,
              "code": "cy.wait(2000);\ncy.contains('Field Reports');\ncy.get('#fieldReports > .subnav-item').click({\n  force: true\n});\ncy.wait(5000);\ncy.contains('Existing Field Reports');\ncy.contains('Search');\ncy.get('.app-search > .form-control').type('National Home Grown School Feeding Programme');\ncy.wait(5000);\ncy.contains('Existing Field Reports');",
              "err": {},
              "uuid": "1215c97b-13c8-4664-9b5a-50d931ccc5f8",
              "parentUUID": "27e0fd36-690d-4f0f-9afc-5c201257fde1",
              "isHook": false,
              "skipped": false
            },
            {
              "title": "View Field Report Template",
              "fullTitle": "Testing of TRACKWITHUS WEB View Field Report Template",
              "timedOut": null,
              "duration": 38130,
              "state": "passed",
              "speed": "slow",
              "pass": true,
              "fail": false,
              "pending": false,
              "context": null,
              "code": "cy.wait(2000);\ncy.contains('Field Report Template');\ncy.get('#fieldReportTemplates > .subnav-item').click({\n  force: true\n});\ncy.wait(5000);\ncy.contains('Existing Report Templates');\ncy.get('#cloneAuthoredForm22').click({\n  force: true\n});\ncy.wait(5000);\ncy.contains('Field Report Template');\ncy.wait(5000);\ncy.contains('Save');\ncy.get('#saveFieldReport').click({\n  force: true\n});\ncy.wait(2000);\ncy.contains('Existing Report Templates');",
              "err": {},
              "uuid": "93f6502f-58a8-41af-8f0e-eb06bc1ba8fe",
              "parentUUID": "27e0fd36-690d-4f0f-9afc-5c201257fde1",
              "isHook": false,
              "skipped": false
            },
            {
              "title": "View and Search Social Programs Admin",
              "fullTitle": "Testing of TRACKWITHUS WEB View and Search Social Programs Admin",
              "timedOut": null,
              "duration": 37950,
              "state": "passed",
              "speed": "slow",
              "pass": true,
              "fail": false,
              "pending": false,
              "context": null,
              "code": "cy.contains('Social Programs Admin');\ncy.get('#socialProgramsAdmin > .subnav-item').click({\n  force: true\n});\ncy.wait(5000);\ncy.contains('Manage Social Programmes');\ncy.contains('Manage Business Indicators');\ncy.contains('Add Social Programme');\ncy.get('#createProgramme').click({\n  force: true\n});\ncy.contains('Add Programme & Cluster Form');\ncy.wait(2000);\ncy.get('.programme-form-modal > .modal-dialog > .modal-content > .modal-footer > .btn-custom-red').click({\n  force: true\n});\ncy.wait(5000);\ncy.contains('Add Social Programme');\ncy.wait(5000);\ncy.get('.app-search > .form-control').type('Test VGG').click();",
              "err": {},
              "uuid": "26654ec3-84ea-4fdf-a01f-a7bb5dd4156b",
              "parentUUID": "27e0fd36-690d-4f0f-9afc-5c201257fde1",
              "isHook": false,
              "skipped": false
            },
            {
              "title": "View Issues Management",
              "fullTitle": "Testing of TRACKWITHUS WEB View Issues Management",
              "timedOut": null,
              "duration": 26215,
              "state": "passed",
              "speed": "slow",
              "pass": true,
              "fail": false,
              "pending": false,
              "context": null,
              "code": "cy.contains('Issue Management');\ncy.get('#issuesManagement > .subnav-item').click({\n  force: true\n});\ncy.wait(5000);\ncy.contains('Reported Issues');\ncy.get(':nth-child(1) > .subnav-item').click();",
              "err": {},
              "uuid": "19ccb284-5492-4d00-8988-def62bf50ce9",
              "parentUUID": "27e0fd36-690d-4f0f-9afc-5c201257fde1",
              "isHook": false,
              "skipped": false
            },
            {
              "title": "View People Performance And Search",
              "fullTitle": "Testing of TRACKWITHUS WEB View People Performance And Search",
              "timedOut": null,
              "duration": 29284,
              "state": "passed",
              "speed": "slow",
              "pass": true,
              "fail": false,
              "pending": false,
              "context": null,
              "code": "cy.contains('People Performance');\ncy.get('#peoplePerformance > .subnav-item').click({\n  force: true\n});\ncy.wait(5000);\ncy.contains('Performance Analysis');\ncy.get('.app-search > .form-control').type(\"NSIP-MONITOR-1603\");\ncy.contains('Showing 1 to 1 of 1 entries');",
              "err": {},
              "uuid": "bdb8c7f3-05b7-4b96-85d3-3a587cdb779b",
              "parentUUID": "27e0fd36-690d-4f0f-9afc-5c201257fde1",
              "isHook": false,
              "skipped": false
            },
            {
              "title": "Filter Report Comparison",
              "fullTitle": "Testing of TRACKWITHUS WEB Filter Report Comparison",
              "timedOut": null,
              "duration": 34192,
              "state": "passed",
              "speed": "slow",
              "pass": true,
              "fail": false,
              "pending": false,
              "context": null,
              "code": "cy.wait(2000);\ncy.get('img');\ncy.wait(2000);\ncy.contains('TrackWithUs');\ncy.contains('Dashboard');\ncy.contains('Report Comparison');\ncy.get('#reportComparison > .subnav-item').click({\n  force: true\n});\ncy.wait(5000);\ncy.contains('Report Comparison Data');\ncy.get('#filterGrid').click();\ncy.get('#program').select('National Home Grown School Feeding Programme').should('have.value', '4');\ncy.get('#selected_month').select('March').should('have.value', '3');\ncy.get('#selected_year').select('2020');\ncy.get('#filterForm').click();\ncy.wait(6000);\ncy.contains('Report Comparison Data');\ncy.contains('Showing 1 to 1 of 1 entries');",
              "err": {},
              "uuid": "64ea43b3-5b75-44b2-82aa-59314fdd27b8",
              "parentUUID": "27e0fd36-690d-4f0f-9afc-5c201257fde1",
              "isHook": false,
              "skipped": false
            },
            {
              "title": "Edit User role",
              "fullTitle": "Testing of TRACKWITHUS WEB Edit User role",
              "timedOut": null,
              "duration": 34702,
              "state": "passed",
              "speed": "slow",
              "pass": true,
              "fail": false,
              "pending": false,
              "context": null,
              "code": "cy.contains('Admin');\ncy.get('#userAdmin > .subnav-item').click({\n  force: true\n});\ncy.wait(2000);\ncy.contains('Manage User Roles');\ncy.contains('Manage Users');\ncy.contains('Manage Devices');\ncy.wait(1000);\ncy.contains('Existing Roles');\ncy.get(':nth-child(1) > :nth-child(4) > #editRole').click({\n  force: true\n});\ncy.wait(2000);\ncy.contains('Close');\ncy.get('.container-fluid > .modal > .modal-dialog > .modal-content > .modal-footer > .btn-custom-red').click({\n  force: true\n});\ncy.contains('Existing Role');\ncy.wait(1000);\ncy.contains('Role Name');\ncy.get(':nth-child(1) > :nth-child(4) > #editRole').click({\n  force: true\n});\ncy.wait(2000);\ncy.contains('Close');\ncy.get('.container-fluid > .modal > .modal-dialog > .modal-content > .modal-footer > .btn-custom-red').click({\n  force: true\n});\ncy.contains('Existing Role');",
              "err": {},
              "uuid": "9be2425c-1b83-4390-9a18-5aa0cd8b3682",
              "parentUUID": "27e0fd36-690d-4f0f-9afc-5c201257fde1",
              "isHook": false,
              "skipped": false
            },
            {
              "title": "Edit A user",
              "fullTitle": "Testing of TRACKWITHUS WEB Edit A user",
              "timedOut": null,
              "duration": 47907,
              "state": "failed",
              "speed": null,
              "pass": false,
              "fail": true,
              "pending": false,
              "context": null,
              "code": "cy.contains('Admin');\ncy.get('#userAdmin > .subnav-item').click({\n  force: true\n});\ncy.wait(1000);\ncy.contains('Manage Users');\ncy.get('#sidenavManageUser > .sidenav-item').click({\n  force: true\n});\ncy.wait(5000);\ncy.contains('Full Name');\ncy.get(':nth-child(1) > :nth-child(7) > #editUser').click({\n  force: true\n});\ncy.wait(2000);\ncy.get('#MiddleName').clear().type('Gof');\ncy.wait(1000);\ncy.wait(2000);\ncy.get('#submitForm').click({\n  force: true\n});\ncy.contains('Submit');\ncy.wait(5000);\ncy.contains('Add User');\ncy.wait(2000);\ncy.get('#user').click();\ncy.wait(5000);\ncy.get(':nth-child(4) > .text-danger').click({\n  force: true\n});",
              "err": {
                "message": "CypressError: Timed out retrying: `cy.click()` failed because this element is not visible:\n\n`<span id=\"user\" class=\"img-circle user-img\">VT</span>`\n\nThis element `<span#user.img-circle.user-img>` is not visible because it has CSS property: `position: fixed` and it's being covered by another element:\n\n`<div class=\"modal fade userMgt-modal in\" tabindex=\"-1\" role=\"dialog\" aria-labelledby=\"userMgtModal\" aria-hidden=\"true\" style=\"display: block;\">...</div>`\n\nFix this problem, or use `{force: true}` to disable error checking.\n\nhttps://on.cypress.io/element-cannot-be-interacted-with",
                "estack": "CypressError: Timed out retrying: `cy.click()` failed because this element is not visible:\n\n`<span id=\"user\" class=\"img-circle user-img\">VT</span>`\n\nThis element `<span#user.img-circle.user-img>` is not visible because it has CSS property: `position: fixed` and it's being covered by another element:\n\n`<div class=\"modal fade userMgt-modal in\" tabindex=\"-1\" role=\"dialog\" aria-labelledby=\"userMgtModal\" aria-hidden=\"true\" style=\"display: block;\">...</div>`\n\nFix this problem, or use `{force: true}` to disable error checking.\n\nhttps://on.cypress.io/element-cannot-be-interacted-with\n    at Object.ensureVisibility (http://trackwithus.test.vggdev.com/__cypress/runner/cypress_runner.js:148505:24)\n    at runAllChecks (http://trackwithus.test.vggdev.com/__cypress/runner/cypress_runner.js:137846:14)\n    at retryActionability (http://trackwithus.test.vggdev.com/__cypress/runner/cypress_runner.js:137889:16)\n    at tryCatcher (http://trackwithus.test.vggdev.com/__cypress/runner/cypress_runner.js:10384:23)\n    at Function.Promise.attempt.Promise.try (http://trackwithus.test.vggdev.com/__cypress/runner/cypress_runner.js:7658:29)\n    at tryFn (http://trackwithus.test.vggdev.com/__cypress/runner/cypress_runner.js:151745:24)\n    at whenStable (http://trackwithus.test.vggdev.com/__cypress/runner/cypress_runner.js:151786:12)\n    at http://trackwithus.test.vggdev.com/__cypress/runner/cypress_runner.js:151309:16\n    at tryCatcher (http://trackwithus.test.vggdev.com/__cypress/runner/cypress_runner.js:10384:23)\n    at Promise._settlePromiseFromHandler (http://trackwithus.test.vggdev.com/__cypress/runner/cypress_runner.js:8319:31)\n    at Promise._settlePromise (http://trackwithus.test.vggdev.com/__cypress/runner/cypress_runner.js:8376:18)\n    at Promise._settlePromise0 (http://trackwithus.test.vggdev.com/__cypress/runner/cypress_runner.js:8421:10)\n    at Promise._settlePromises (http://trackwithus.test.vggdev.com/__cypress/runner/cypress_runner.js:8501:18)\n    at Promise._fulfill (http://trackwithus.test.vggdev.com/__cypress/runner/cypress_runner.js:8445:18)\n    at http://trackwithus.test.vggdev.com/__cypress/runner/cypress_runner.js:10059:46\nFrom Your Spec Code:\n    at Context.eval (http://trackwithus.test.vggdev.com/__cypress/tests?p=cypress\\integration\\TrackWithUs\\trackwithus.spec.js:207:21)",
                "diff": null
              },
              "uuid": "bc7b3490-6c50-4f5d-9692-72df8d42900d",
              "parentUUID": "27e0fd36-690d-4f0f-9afc-5c201257fde1",
              "isHook": false,
              "skipped": false
            }
          ],
          "suites": [],
          "passes": [
            "4a39f69e-38d2-4a4b-9dc1-e0c5da89eba0",
            "b7fe87d2-2b7e-4b85-b3dc-2d04bfa65b15",
            "1215c97b-13c8-4664-9b5a-50d931ccc5f8",
            "93f6502f-58a8-41af-8f0e-eb06bc1ba8fe",
            "26654ec3-84ea-4fdf-a01f-a7bb5dd4156b",
            "19ccb284-5492-4d00-8988-def62bf50ce9",
            "bdb8c7f3-05b7-4b96-85d3-3a587cdb779b",
            "64ea43b3-5b75-44b2-82aa-59314fdd27b8",
            "9be2425c-1b83-4390-9a18-5aa0cd8b3682"
          ],
          "failures": [
            "bc7b3490-6c50-4f5d-9692-72df8d42900d"
          ],
          "pending": [],
          "skipped": [],
          "duration": 372068,
          "root": false,
          "rootEmpty": false,
          "_timeout": 2000
        }
      ],
      "passes": [],
      "failures": [],
      "pending": [],
      "skipped": [],
      "duration": 0,
      "root": true,
      "rootEmpty": true,
      "_timeout": 2000
    }
  ],
  "meta": {
    "mocha": {
      "version": "7.0.1"
    },
    "mochawesome": {
      "options": {
        "quiet": true,
        "reportFilename": "mochawesome",
        "saveHtml": false,
        "saveJson": true,
        "consoleReporter": "spec",
        "useInlineDiffs": false
      },
      "version": "4.1.0"
    },
    "marge": {
      "options": {
        "id": "default",
        "reportDir": "cypress/reports/mocha",
        "quiet": true,
        "overwrite": false,
        "html": false,
        "json": true
      },
      "version": "4.1.0"
    }
  }
}