{
  "stats": {
    "suites": 1,
    "tests": 1,
    "passes": 0,
    "pending": 0,
    "failures": 1,
    "start": "2020-06-25T15:59:20.016Z",
    "end": "2020-06-25T16:01:20.425Z",
    "duration": 120409,
    "testsRegistered": 1,
    "passPercent": 0,
    "pendingPercent": 0,
    "other": 0,
    "hasOther": false,
    "skipped": 0,
    "hasSkipped": false
  },
  "results": [
    {
      "uuid": "d3770f9d-ba3b-45f7-8eac-d9ed554d2d31",
      "title": "",
      "fullFile": "cypress\\integration\\BIR\\view Metrics.spec.js",
      "file": "cypress\\integration\\BIR\\view Metrics.spec.js",
      "beforeHooks": [],
      "afterHooks": [],
      "tests": [],
      "suites": [
        {
          "uuid": "49ad1928-5000-4341-a8f0-14cde16905ad",
          "title": "Testing of BIR WEB",
          "fullFile": "",
          "file": "",
          "beforeHooks": [],
          "afterHooks": [],
          "tests": [
            {
              "title": "Login Application",
              "fullTitle": "Testing of BIR WEB Login Application",
              "timedOut": null,
              "duration": 115890,
              "state": "failed",
              "speed": null,
              "pass": false,
              "fail": true,
              "pending": false,
              "context": null,
              "code": "cy.visit(\"https://nsioreporting2.test.vggdev.com/\");\ncy.url().should(\"include\", \"/Account/Login\");\ncy.get('#Email').type(\"troy@mailinator.com\");\ncy.get('#Password').type(\"P@ssword1\");\ncy.get('#loginForm > div:nth-child(4) > button').click({\n  force: true\n});\ncy.wait(7000);\ncy.get('img');\ncy.contains('Business Intelligence & Reporting Tool');\ncy.contains('Dashboard');\ncy.wait(2000);\ncy.contains('Welcome, Troy'); //View Metrics\ncy.contains('Manage Metrics');\ncy.wait(5000);\ncy.get('.subnav-list > :nth-child(2) > .subnav-item').click({\n  force: true\n});\ncy.wait(3000);\ncy.contains('Manage Business Metrics');\ncy.get(':nth-child(2) > .sidenav-item').click({\n  force: true\n});\ncy.get(2000);\ncy.get(':nth-child(1) > :nth-child(5) > #editProcessForm').click({\n  force: true\n});\ncy.contains('Edit Metric Form');\ncy.wait(500);\ncy.get('#processName').clear().type('New Metric');\ncy.wait(1000);\ncy.contains('Update');\ncy.get('#submitForm').click({\n  force: true\n});\ncy.wait(2000);\ncy.contains('Existing Metrics');",
              "err": {
                "message": "AssertionError: Timed out retrying: Expected to find element: `:nth-child(1) > :nth-child(5) > #editProcessForm`, but never found it.",
                "estack": "AssertionError: Timed out retrying: Expected to find element: `:nth-child(1) > :nth-child(5) > #editProcessForm`, but never found it.\n    at Context.eval (eval at <anonymous> (https://nsioreporting2.test.vggdev.com/__cypress/runner/cypress_runner.js:161417:16), <anonymous>:32:8)",
                "diff": null
              },
              "uuid": "585bf1b8-c403-49f9-911c-3bc0a938fd53",
              "parentUUID": "49ad1928-5000-4341-a8f0-14cde16905ad",
              "isHook": false,
              "skipped": false
            }
          ],
          "suites": [],
          "passes": [],
          "failures": [
            "585bf1b8-c403-49f9-911c-3bc0a938fd53"
          ],
          "pending": [],
          "skipped": [],
          "duration": 115890,
          "root": false,
          "rootEmpty": false,
          "_timeout": 2000
        }
      ],
      "passes": [],
      "failures": [],
      "pending": [],
      "skipped": [],
      "duration": 0,
      "root": true,
      "rootEmpty": true,
      "_timeout": 2000
    }
  ],
  "meta": {
    "mocha": {
      "version": "7.0.1"
    },
    "mochawesome": {
      "options": {
        "quiet": true,
        "reportFilename": "mochawesome",
        "saveHtml": false,
        "saveJson": true,
        "consoleReporter": "spec",
        "useInlineDiffs": false
      },
      "version": "4.1.0"
    },
    "marge": {
      "options": {
        "id": "default",
        "reportDir": "cypress/reports/mocha",
        "quiet": true,
        "overwrite": false,
        "html": false,
        "json": true
      },
      "version": "4.1.0"
    }
  }
}