{
  "stats": {
    "suites": 1,
    "tests": 1,
    "passes": 1,
    "pending": 0,
    "failures": 0,
    "start": "2020-06-25T16:20:47.738Z",
    "end": "2020-06-25T16:22:49.453Z",
    "duration": 121715,
    "testsRegistered": 1,
    "passPercent": 100,
    "pendingPercent": 0,
    "other": 0,
    "hasOther": false,
    "skipped": 0,
    "hasSkipped": false
  },
  "results": [
    {
      "uuid": "3a8023bc-71d4-4aca-8d32-9c7b313565d6",
      "title": "",
      "fullFile": "cypress\\integration\\TrackWithUs\\createuser.spec.js",
      "file": "cypress\\integration\\TrackWithUs\\createuser.spec.js",
      "beforeHooks": [],
      "afterHooks": [],
      "tests": [],
      "suites": [
        {
          "uuid": "33effe91-07ed-4e49-a75f-b98901bf8ed4",
          "title": "Testing of TRACKWITHUS WEB",
          "fullFile": "",
          "file": "",
          "beforeHooks": [],
          "afterHooks": [],
          "tests": [
            {
              "title": "Click Admin and create User",
              "fullTitle": "Testing of TRACKWITHUS WEB Click Admin and create User",
              "timedOut": null,
              "duration": 106963,
              "state": "passed",
              "speed": "slow",
              "pass": true,
              "fail": false,
              "pending": false,
              "context": null,
              "code": "cy.visit(\"http://trackwithus.test.vggdev.com/\");\ncy.url().should(\"include\", \"/account/login\");\ncy.get('#Email').type('blip@mailinator.com');\ncy.get('#Password').type('P@ssword21');\ncy.get(':nth-child(4) > button').click({\n  force: true\n});\ncy.wait(9000);\ncy.contains('Admin');\ncy.get('#userAdmin > .subnav-item').click({\n  force: true\n});\ncy.contains('Manage Users');\ncy.get(':nth-child(2) > .sidenav-item').click({\n  force: true\n});\ncy.wait(800);\ncy.contains('Add User');\ncy.get('#createUser').click({\n  force: true\n});\ncy.wait(800);\ncy.get('#FirstName').type('QAT');\ncy.wait(50);\ncy.get('#LastName').type('Train');\ncy.get('#Email').type('cypt31@qa.com');\ncy.get('#Password').type('P@ssword1');\ncy.get('#ConfirmPassword').type('P@ssword1');\ncy.get('#Mobile').type('08022741823');\ncy.wait(5000);\ncy.get('#selectedUserRoleName').select(\"GSV ME\").should('have.value', '59');\ncy.wait(5000);\ncy.contains('Check All');\ncy.get('#checkAll').click({\n  force: true\n});\ncy.wait(500);\ncy.get('#SelectedState').select('Adamawa State').should('have.value', '3');\ncy.contains('Required Submissions Frequency');\ncy.get('#required_submissions_frequency').select('Monthly').should('have.value', '3');\ncy.get('#submitForm').click({\n  force: true\n});\ncy.contains('Existing Users');",
              "err": {},
              "uuid": "3a844781-7f01-47c3-99b0-50ee7b2d0e3d",
              "parentUUID": "33effe91-07ed-4e49-a75f-b98901bf8ed4",
              "isHook": false,
              "skipped": false
            }
          ],
          "suites": [],
          "passes": [
            "3a844781-7f01-47c3-99b0-50ee7b2d0e3d"
          ],
          "failures": [],
          "pending": [],
          "skipped": [],
          "duration": 106963,
          "root": false,
          "rootEmpty": false,
          "_timeout": 2000
        }
      ],
      "passes": [],
      "failures": [],
      "pending": [],
      "skipped": [],
      "duration": 0,
      "root": true,
      "rootEmpty": true,
      "_timeout": 2000
    }
  ],
  "meta": {
    "mocha": {
      "version": "7.0.1"
    },
    "mochawesome": {
      "options": {
        "quiet": true,
        "reportFilename": "mochawesome",
        "saveHtml": false,
        "saveJson": true,
        "consoleReporter": "spec",
        "useInlineDiffs": false
      },
      "version": "4.1.0"
    },
    "marge": {
      "options": {
        "id": "default",
        "reportDir": "cypress/reports/mocha",
        "quiet": true,
        "overwrite": false,
        "html": false,
        "json": true
      },
      "version": "4.1.0"
    }
  }
}