{
  "stats": {
    "suites": 1,
    "tests": 10,
    "passes": 8,
    "pending": 0,
    "failures": 2,
    "start": "2020-06-25T16:08:42.860Z",
    "end": "2020-06-25T16:18:13.011Z",
    "duration": 570151,
    "testsRegistered": 10,
    "passPercent": 80,
    "pendingPercent": 0,
    "other": 0,
    "hasOther": false,
    "skipped": 0,
    "hasSkipped": false
  },
  "results": [
    {
      "uuid": "a884b9d4-9580-4650-9cb5-dcffb417e2fc",
      "title": "",
      "fullFile": "cypress\\integration\\Random\\trackwithus.spec.js",
      "file": "cypress\\integration\\Random\\trackwithus.spec.js",
      "beforeHooks": [],
      "afterHooks": [],
      "tests": [],
      "suites": [
        {
          "uuid": "49165f18-7b43-4e89-868f-ddacc1a91ce8",
          "title": "Testing of TRACKWITHUS WEB",
          "fullFile": "",
          "file": "",
          "beforeHooks": [],
          "afterHooks": [],
          "tests": [
            {
              "title": "Login to the Application",
              "fullTitle": "Testing of TRACKWITHUS WEB Login to the Application",
              "timedOut": null,
              "duration": 82649,
              "state": "passed",
              "speed": "slow",
              "pass": true,
              "fail": false,
              "pending": false,
              "context": null,
              "code": "cy.wait(7000);\ncy.get('img');\ncy.contains('TrackWithUs');\ncy.contains('Dashboard');\ncy.wait(2000);\ncy.get('li.active > .text-primary').click();",
              "err": {},
              "uuid": "29967f63-f34e-4143-9c46-cbfef52bea11",
              "parentUUID": "49165f18-7b43-4e89-868f-ddacc1a91ce8",
              "isHook": false,
              "skipped": false
            },
            {
              "title": " View Report Field Module",
              "fullTitle": "Testing of TRACKWITHUS WEB  View Report Field Module",
              "timedOut": null,
              "duration": 65699,
              "state": "passed",
              "speed": "slow",
              "pass": true,
              "fail": false,
              "pending": false,
              "context": null,
              "code": "cy.contains('Field Reports');\ncy.get('#fieldReports > .subnav-item').click({\n  force: true\n});\ncy.wait(5000);\ncy.contains('Existing Field Reports');\ncy.wait(4000);\ncy.get(':nth-child(1) > :nth-child(7) > #editReport').click({\n  force: true\n});\ncy.wait(5000);\ncy.contains('View Report');\ncy.wait(5000);\ncy.contains('Close');\ncy.get('#processFormModal > .modal-dialog > .modal-content > .modal-footer > .btn-custom-red').click({\n  force: true\n});\ncy.wait(2000);\ncy.contains('Existing Field Reports');",
              "err": {},
              "uuid": "c537d3f9-a347-4dad-99f2-2ce4feb9d0a6",
              "parentUUID": "49165f18-7b43-4e89-868f-ddacc1a91ce8",
              "isHook": false,
              "skipped": false
            },
            {
              "title": "Search Field Report",
              "fullTitle": "Testing of TRACKWITHUS WEB Search Field Report",
              "timedOut": null,
              "duration": 41728,
              "state": "passed",
              "speed": "slow",
              "pass": true,
              "fail": false,
              "pending": false,
              "context": null,
              "code": "cy.wait(2000);\ncy.contains('Field Reports');\ncy.get('#fieldReports > .subnav-item').click({\n  force: true\n});\ncy.wait(5000);\ncy.contains('Existing Field Reports');\ncy.contains('Search');\ncy.get('.app-search > .form-control').type('National Home Grown School Feeding Programme');\ncy.wait(5000);\ncy.contains('Existing Field Reports');",
              "err": {},
              "uuid": "8b18e707-470b-496f-9cd3-3dbecf009539",
              "parentUUID": "49165f18-7b43-4e89-868f-ddacc1a91ce8",
              "isHook": false,
              "skipped": false
            },
            {
              "title": "View Field Report Template",
              "fullTitle": "Testing of TRACKWITHUS WEB View Field Report Template",
              "timedOut": null,
              "duration": 79473,
              "state": "passed",
              "speed": "slow",
              "pass": true,
              "fail": false,
              "pending": false,
              "context": null,
              "code": "cy.wait(2000);\ncy.contains('Field Report Template');\ncy.get('#fieldReportTemplates > .subnav-item').click({\n  force: true\n});\ncy.wait(5000);\ncy.contains('Existing Report Templates');\ncy.wait(5000);\ncy.get('#cloneAuthoredForm22').click({\n  force: true\n});\ncy.wait(5000);\ncy.contains('Field Report Template');\ncy.wait(5000);\ncy.contains('Save');\ncy.get('#saveFieldReport').click({\n  force: true\n});\ncy.wait(2000);\ncy.contains('Existing Report Templates');",
              "err": {},
              "uuid": "664ca9c4-0daa-403f-bcce-33e9dccb78a8",
              "parentUUID": "49165f18-7b43-4e89-868f-ddacc1a91ce8",
              "isHook": false,
              "skipped": false
            },
            {
              "title": "View and Search Social Programs Admin",
              "fullTitle": "Testing of TRACKWITHUS WEB View and Search Social Programs Admin",
              "timedOut": null,
              "duration": 52696,
              "state": "passed",
              "speed": "slow",
              "pass": true,
              "fail": false,
              "pending": false,
              "context": null,
              "code": "cy.contains('Social Programs Admin');\ncy.get('#socialProgramsAdmin > .subnav-item').click({\n  force: true\n});\ncy.wait(5000);\ncy.contains('Manage Social Programmes');\ncy.contains('Manage Business Indicators');\ncy.contains('Add Social Programme');\ncy.get('#createProgramme').click({\n  force: true\n});\ncy.contains('Add Programme & Cluster Form');\ncy.wait(2000);\ncy.get('.programme-form-modal > .modal-dialog > .modal-content > .modal-footer > .btn-custom-red').click({\n  force: true\n});\ncy.wait(5000);\ncy.contains('Add Social Programme');\ncy.wait(5000);\ncy.get('.app-search > .form-control').type('Test VGG').click();",
              "err": {},
              "uuid": "af7da261-be3f-452f-b6f5-a1c9d0e91eac",
              "parentUUID": "49165f18-7b43-4e89-868f-ddacc1a91ce8",
              "isHook": false,
              "skipped": false
            },
            {
              "title": "View Issues Management",
              "fullTitle": "Testing of TRACKWITHUS WEB View Issues Management",
              "timedOut": null,
              "duration": 36019,
              "state": "passed",
              "speed": "slow",
              "pass": true,
              "fail": false,
              "pending": false,
              "context": null,
              "code": "cy.contains('Issue Management');\ncy.get('#issuesManagement > .subnav-item').click({\n  force: true\n});\ncy.wait(5000);\ncy.contains('Reported Issues');\ncy.get(':nth-child(1) > .subnav-item').click();",
              "err": {},
              "uuid": "b2c434ab-90c6-4438-beb9-5c9f80df48ea",
              "parentUUID": "49165f18-7b43-4e89-868f-ddacc1a91ce8",
              "isHook": false,
              "skipped": false
            },
            {
              "title": "View People Performance And Search",
              "fullTitle": "Testing of TRACKWITHUS WEB View People Performance And Search",
              "timedOut": null,
              "duration": 38078,
              "state": "failed",
              "speed": null,
              "pass": false,
              "fail": true,
              "pending": false,
              "context": null,
              "code": "cy.contains('People Performance');\ncy.get('#peoplePerformance > .subnav-item').click({\n  force: true\n});\ncy.wait(5000);\ncy.contains('Performance Analysis');\ncy.get('.app-search > .form-control').type(\"NSIP-MONITOR-1603\");\ncy.contains('Showing 1 to 1 of 1 entries');",
              "err": {
                "message": "AssertionError: Timed out retrying: Expected to find content: 'Showing 1 to 1 of 1 entries' but never did.",
                "estack": "AssertionError: Timed out retrying: Expected to find content: 'Showing 1 to 1 of 1 entries' but never did.\n    at Context.eval (http://trackwithus.staging.vggdev.com/__cypress/tests?p=cypress\\integration\\Random\\trackwithus.spec.js:127:8)",
                "diff": null
              },
              "uuid": "60b9ce25-9357-4ebf-b88b-a29938a1d3cc",
              "parentUUID": "49165f18-7b43-4e89-868f-ddacc1a91ce8",
              "isHook": false,
              "skipped": false
            },
            {
              "title": "Filter Report Comparison",
              "fullTitle": "Testing of TRACKWITHUS WEB Filter Report Comparison",
              "timedOut": null,
              "duration": 40393,
              "state": "passed",
              "speed": "slow",
              "pass": true,
              "fail": false,
              "pending": false,
              "context": null,
              "code": "cy.wait(2000);\ncy.get('img');\ncy.wait(2000);\ncy.contains('TrackWithUs');\ncy.contains('Dashboard');\ncy.contains('Report Comparison');\ncy.get('#reportComparison > .subnav-item').click({\n  force: true\n});\ncy.wait(5000);\ncy.contains('Report Comparison Data');\ncy.get('#filterGrid').click();\ncy.get('#program').select('National Home Grown School Feeding Programme').should('have.value', '4');\ncy.get('#selected_month').select('March').should('have.value', '3');\ncy.get('#selected_year').select('2020');\ncy.get('#filterForm').click();\ncy.wait(6000);\ncy.contains('Report Comparison Data');\ncy.contains('Showing 1 to 1 of 1 entries');",
              "err": {},
              "uuid": "83e46148-4ac4-4791-8c2f-8c3a71f410f9",
              "parentUUID": "49165f18-7b43-4e89-868f-ddacc1a91ce8",
              "isHook": false,
              "skipped": false
            },
            {
              "title": "Edit User role",
              "fullTitle": "Testing of TRACKWITHUS WEB Edit User role",
              "timedOut": null,
              "duration": 42307,
              "state": "passed",
              "speed": "slow",
              "pass": true,
              "fail": false,
              "pending": false,
              "context": null,
              "code": "cy.contains('Admin');\ncy.get('#userAdmin > .subnav-item').click({\n  force: true\n});\ncy.wait(2000);\ncy.contains('Manage User Roles');\ncy.contains('Manage Users');\ncy.contains('Manage Devices');\ncy.wait(1000);\ncy.contains('Existing Roles');\ncy.get(':nth-child(1) > :nth-child(4) > #editRole').click({\n  force: true\n});\ncy.wait(2000);\ncy.contains('Close');\ncy.get('.container-fluid > .modal > .modal-dialog > .modal-content > .modal-footer > .btn-custom-red').click({\n  force: true\n});\ncy.contains('Existing Role');\ncy.wait(1000);\ncy.contains('Role Name');\ncy.get(':nth-child(1) > :nth-child(4) > #editRole').click({\n  force: true\n});\ncy.wait(2000);\ncy.contains('Close');\ncy.get('.container-fluid > .modal > .modal-dialog > .modal-content > .modal-footer > .btn-custom-red').click({\n  force: true\n});\ncy.contains('Existing Role');",
              "err": {},
              "uuid": "67758c94-3a97-4790-9080-4e216eb875c7",
              "parentUUID": "49165f18-7b43-4e89-868f-ddacc1a91ce8",
              "isHook": false,
              "skipped": false
            },
            {
              "title": "Edit A user",
              "fullTitle": "Testing of TRACKWITHUS WEB Edit A user",
              "timedOut": null,
              "duration": 57298,
              "state": "failed",
              "speed": null,
              "pass": false,
              "fail": true,
              "pending": false,
              "context": null,
              "code": "cy.contains('Admin');\ncy.get('#userAdmin > .subnav-item').click({\n  force: true\n});\ncy.wait(1000);\ncy.contains('Manage Users');\ncy.get('#sidenavManageUser > .sidenav-item').click({\n  force: true\n});\ncy.wait(5000);\ncy.contains('Full Name');\ncy.get(':nth-child(1) > :nth-child(7) > #editUser').click({\n  force: true\n});\ncy.wait(2000);\ncy.get('#MiddleName').clear().type('Gof');\ncy.wait(1000);\ncy.wait(2000);\ncy.get('#submitForm').click({\n  force: true\n});\ncy.contains('Submit');\ncy.wait(5000);\ncy.contains('Add User');\ncy.wait(2000);\ncy.get('#user').click();\ncy.wait(5000);\ncy.get(':nth-child(4) > .text-danger').click({\n  force: true\n});",
              "err": {
                "message": "CypressError: Timed out retrying: `cy.click()` failed because this element is not visible:\n\n`<span id=\"user\" class=\"img-circle user-img\">VT</span>`\n\nThis element `<span#user.img-circle.user-img>` is not visible because it has CSS property: `position: fixed` and it's being covered by another element:\n\n`<div class=\"modal fade userMgt-modal in\" tabindex=\"-1\" role=\"dialog\" aria-labelledby=\"userMgtModal\" aria-hidden=\"true\" style=\"display: block;\">...</div>`\n\nFix this problem, or use `{force: true}` to disable error checking.\n\nhttps://on.cypress.io/element-cannot-be-interacted-with",
                "estack": "CypressError: Timed out retrying: `cy.click()` failed because this element is not visible:\n\n`<span id=\"user\" class=\"img-circle user-img\">VT</span>`\n\nThis element `<span#user.img-circle.user-img>` is not visible because it has CSS property: `position: fixed` and it's being covered by another element:\n\n`<div class=\"modal fade userMgt-modal in\" tabindex=\"-1\" role=\"dialog\" aria-labelledby=\"userMgtModal\" aria-hidden=\"true\" style=\"display: block;\">...</div>`\n\nFix this problem, or use `{force: true}` to disable error checking.\n\nhttps://on.cypress.io/element-cannot-be-interacted-with\n    at Object.ensureVisibility (http://trackwithus.staging.vggdev.com/__cypress/runner/cypress_runner.js:148505:24)\n    at runAllChecks (http://trackwithus.staging.vggdev.com/__cypress/runner/cypress_runner.js:137846:14)\n    at retryActionability (http://trackwithus.staging.vggdev.com/__cypress/runner/cypress_runner.js:137889:16)\n    at tryCatcher (http://trackwithus.staging.vggdev.com/__cypress/runner/cypress_runner.js:10384:23)\n    at Function.Promise.attempt.Promise.try (http://trackwithus.staging.vggdev.com/__cypress/runner/cypress_runner.js:7658:29)\n    at tryFn (http://trackwithus.staging.vggdev.com/__cypress/runner/cypress_runner.js:151745:24)\n    at whenStable (http://trackwithus.staging.vggdev.com/__cypress/runner/cypress_runner.js:151786:12)\n    at http://trackwithus.staging.vggdev.com/__cypress/runner/cypress_runner.js:151309:16\n    at tryCatcher (http://trackwithus.staging.vggdev.com/__cypress/runner/cypress_runner.js:10384:23)\n    at Promise._settlePromiseFromHandler (http://trackwithus.staging.vggdev.com/__cypress/runner/cypress_runner.js:8319:31)\n    at Promise._settlePromise (http://trackwithus.staging.vggdev.com/__cypress/runner/cypress_runner.js:8376:18)\n    at Promise._settlePromise0 (http://trackwithus.staging.vggdev.com/__cypress/runner/cypress_runner.js:8421:10)\n    at Promise._settlePromises (http://trackwithus.staging.vggdev.com/__cypress/runner/cypress_runner.js:8501:18)\n    at Promise._fulfill (http://trackwithus.staging.vggdev.com/__cypress/runner/cypress_runner.js:8445:18)\n    at http://trackwithus.staging.vggdev.com/__cypress/runner/cypress_runner.js:10059:46\nFrom Your Spec Code:\n    at Context.eval (http://trackwithus.staging.vggdev.com/__cypress/tests?p=cypress\\integration\\Random\\trackwithus.spec.js:208:21)",
                "diff": null
              },
              "uuid": "6b8238e2-5d54-4f0c-aea2-1eee6160e63f",
              "parentUUID": "49165f18-7b43-4e89-868f-ddacc1a91ce8",
              "isHook": false,
              "skipped": false
            }
          ],
          "suites": [],
          "passes": [
            "29967f63-f34e-4143-9c46-cbfef52bea11",
            "c537d3f9-a347-4dad-99f2-2ce4feb9d0a6",
            "8b18e707-470b-496f-9cd3-3dbecf009539",
            "664ca9c4-0daa-403f-bcce-33e9dccb78a8",
            "af7da261-be3f-452f-b6f5-a1c9d0e91eac",
            "b2c434ab-90c6-4438-beb9-5c9f80df48ea",
            "83e46148-4ac4-4791-8c2f-8c3a71f410f9",
            "67758c94-3a97-4790-9080-4e216eb875c7"
          ],
          "failures": [
            "60b9ce25-9357-4ebf-b88b-a29938a1d3cc",
            "6b8238e2-5d54-4f0c-aea2-1eee6160e63f"
          ],
          "pending": [],
          "skipped": [],
          "duration": 536340,
          "root": false,
          "rootEmpty": false,
          "_timeout": 2000
        }
      ],
      "passes": [],
      "failures": [],
      "pending": [],
      "skipped": [],
      "duration": 0,
      "root": true,
      "rootEmpty": true,
      "_timeout": 2000
    }
  ],
  "meta": {
    "mocha": {
      "version": "7.0.1"
    },
    "mochawesome": {
      "options": {
        "quiet": true,
        "reportFilename": "mochawesome",
        "saveHtml": false,
        "saveJson": true,
        "consoleReporter": "spec",
        "useInlineDiffs": false
      },
      "version": "4.1.0"
    },
    "marge": {
      "options": {
        "id": "default",
        "reportDir": "cypress/reports/mocha",
        "quiet": true,
        "overwrite": false,
        "html": false,
        "json": true
      },
      "version": "4.1.0"
    }
  }
}