{
  "stats": {
    "suites": 1,
    "tests": 1,
    "passes": 0,
    "pending": 0,
    "failures": 1,
    "start": "2020-06-25T15:56:45.686Z",
    "end": "2020-06-25T15:57:32.694Z",
    "duration": 47008,
    "testsRegistered": 1,
    "passPercent": 0,
    "pendingPercent": 0,
    "other": 0,
    "hasOther": false,
    "skipped": 0,
    "hasSkipped": false
  },
  "results": [
    {
      "uuid": "465526a8-2384-44e8-ac5c-de7fd4259368",
      "title": "",
      "fullFile": "cypress\\integration\\BIR\\birlogin.spec.js",
      "file": "cypress\\integration\\BIR\\birlogin.spec.js",
      "beforeHooks": [],
      "afterHooks": [],
      "tests": [],
      "suites": [
        {
          "uuid": "8b2ccd44-311c-4dee-a663-383296245cca",
          "title": "Testing of BIR WEB",
          "fullFile": "",
          "file": "",
          "beforeHooks": [],
          "afterHooks": [],
          "tests": [
            {
              "title": "Login Application",
              "fullTitle": "Testing of BIR WEB Login Application",
              "timedOut": null,
              "duration": 46485,
              "state": "failed",
              "speed": null,
              "pass": false,
              "fail": true,
              "pending": false,
              "context": null,
              "code": "cy.visit(\"https://nsioreporting2.test.vggdev.com/\");\ncy.url().should(\"include\", \"/Account/Login\");\ncy.get('#Email').type(\"troy@mailinator.com\");\ncy.get('#Password').type(\"P@ssword1\");\ncy.get('#loginForm > div:nth-child(4) > button').click({\n  force: true\n});\ncy.wait(9000);\ncy.get('img');\ncy.contains('Business Intelligence & Reporting Tool');\ncy.contains('Dashboard');\ncy.wait(2000);\ncy.contains('Welcome, Troy'); // User LogOut\ncy.wait(2000);\ncy.get('#user').click();\ncy.contains('Log Out');\ncy.get('.dropdown-menu > :nth-child(4) > .text-danger').click();\ncy.wait(3000); //Log Out Confirmation\ncy.contains('Forgot your password');",
              "err": {
                "message": "CypressError: `cy.visit()` failed trying to load:\n\nhttps://nsioreporting2.test.vggdev.com/\n\nWe attempted to make an http request to this URL but the request failed without a response.\n\nWe received this error at the network level:\n\n  > Error: connect ETIMEDOUT 154.113.17.145:443\n\nCommon situations why this would fail:\n  - you don't have internet access\n  - you forgot to run / boot your web server\n  - your web server isn't accessible\n  - you have weird network configuration settings on your computer",
                "estack": "CypressError: `cy.visit()` failed trying to load:\n\nhttps://nsioreporting2.test.vggdev.com/\n\nWe attempted to make an http request to this URL but the request failed without a response.\n\nWe received this error at the network level:\n\n  > Error: connect ETIMEDOUT 154.113.17.145:443\n\nCommon situations why this would fail:\n  - you don't have internet access\n  - you forgot to run / boot your web server\n  - your web server isn't accessible\n  - you have weird network configuration settings on your computer\n    at http://localhost:52536/__cypress/runner/cypress_runner.js:145388:23\n    at visitFailedByErr (http://localhost:52536/__cypress/runner/cypress_runner.js:144763:12)\n    at http://localhost:52536/__cypress/runner/cypress_runner.js:145387:11\n    at tryCatcher (http://localhost:52536/__cypress/runner/cypress_runner.js:10384:23)\n    at Promise._settlePromiseFromHandler (http://localhost:52536/__cypress/runner/cypress_runner.js:8319:31)\n    at Promise._settlePromise (http://localhost:52536/__cypress/runner/cypress_runner.js:8376:18)\n    at Promise._settlePromise0 (http://localhost:52536/__cypress/runner/cypress_runner.js:8421:10)\n    at Promise._settlePromises (http://localhost:52536/__cypress/runner/cypress_runner.js:8497:18)\n    at _drainQueueStep (http://localhost:52536/__cypress/runner/cypress_runner.js:5091:12)\n    at _drainQueue (http://localhost:52536/__cypress/runner/cypress_runner.js:5084:9)\n    at Async.../../node_modules/bluebird/js/release/async.js.Async._drainQueues (http://localhost:52536/__cypress/runner/cypress_runner.js:5100:5)\n    at Async.drainQueues (http://localhost:52536/__cypress/runner/cypress_runner.js:4970:14)\nFrom Your Spec Code:\n    at Context.eval (http://localhost:52536/__cypress/tests?p=cypress\\integration\\BIR\\birlogin.spec.js:7:8)\n\nFrom Node.js Internals:\n  Error: connect ETIMEDOUT 154.113.17.145:443\n      at TCPConnectWrap.afterConnect [as oncomplete] (net.js:1128:14)\n  ",
                "diff": null
              },
              "uuid": "58d617fb-019b-4428-b040-92012022c14f",
              "parentUUID": "8b2ccd44-311c-4dee-a663-383296245cca",
              "isHook": false,
              "skipped": false
            }
          ],
          "suites": [],
          "passes": [],
          "failures": [
            "58d617fb-019b-4428-b040-92012022c14f"
          ],
          "pending": [],
          "skipped": [],
          "duration": 46485,
          "root": false,
          "rootEmpty": false,
          "_timeout": 2000
        }
      ],
      "passes": [],
      "failures": [],
      "pending": [],
      "skipped": [],
      "duration": 0,
      "root": true,
      "rootEmpty": true,
      "_timeout": 2000
    }
  ],
  "meta": {
    "mocha": {
      "version": "7.0.1"
    },
    "mochawesome": {
      "options": {
        "quiet": true,
        "reportFilename": "mochawesome",
        "saveHtml": false,
        "saveJson": true,
        "consoleReporter": "spec",
        "useInlineDiffs": false
      },
      "version": "4.1.0"
    },
    "marge": {
      "options": {
        "id": "default",
        "reportDir": "cypress/reports/mocha",
        "quiet": true,
        "overwrite": false,
        "html": false,
        "json": true
      },
      "version": "4.1.0"
    }
  }
}