{
  "stats": {
    "suites": 1,
    "tests": 1,
    "passes": 0,
    "pending": 0,
    "failures": 1,
    "start": "2020-06-26T20:05:15.274Z",
    "end": "2020-06-26T20:06:23.152Z",
    "duration": 67878,
    "testsRegistered": 1,
    "passPercent": 0,
    "pendingPercent": 0,
    "other": 0,
    "hasOther": false,
    "skipped": 0,
    "hasSkipped": false
  },
  "results": [
    {
      "uuid": "8293eddd-7f36-4d54-a052-55750a0cc7aa",
      "title": "",
      "fullFile": "cypress\\integration\\Random\\Amazon.spec.js",
      "file": "cypress\\integration\\Random\\Amazon.spec.js",
      "beforeHooks": [],
      "afterHooks": [],
      "tests": [],
      "suites": [
        {
          "uuid": "7b891bdc-9e04-465d-a2bc-8788054447ec",
          "title": "Testing Free Website",
          "fullFile": "",
          "file": "",
          "beforeHooks": [],
          "afterHooks": [],
          "tests": [
            {
              "title": "Search a website on Google",
              "fullTitle": "Testing Free Website Search a website on Google",
              "timedOut": null,
              "duration": 61105,
              "state": "failed",
              "speed": null,
              "pass": false,
              "fail": true,
              "pending": false,
              "context": null,
              "code": "cy.visit(\"https://www.amazon.com/\");\ncy.contains('amazon');\ncy.get('#nav-link-accountList > .nav-line-2').click();\ncy.contains('Account & Lists');\ncy.wait(1000); //Register A new User\ncy.get('.nav-signin-tooltip-footer > .nav-a').click();",
              "err": {
                "message": "AssertionError: Timed out retrying: Expected to find content: 'Account & Lists' but never did.",
                "estack": "AssertionError: Timed out retrying: Expected to find content: 'Account & Lists' but never did.\n    at Context.eval (https://www.amazon.com/__cypress/tests?p=cypress\\integration\\Random\\Amazon.spec.js:10:8)",
                "diff": null
              },
              "uuid": "ab8f8215-feb2-4b60-8d04-784f2c75dbd2",
              "parentUUID": "7b891bdc-9e04-465d-a2bc-8788054447ec",
              "isHook": false,
              "skipped": false
            }
          ],
          "suites": [],
          "passes": [],
          "failures": [
            "ab8f8215-feb2-4b60-8d04-784f2c75dbd2"
          ],
          "pending": [],
          "skipped": [],
          "duration": 61105,
          "root": false,
          "rootEmpty": false,
          "_timeout": 2000
        }
      ],
      "passes": [],
      "failures": [],
      "pending": [],
      "skipped": [],
      "duration": 0,
      "root": true,
      "rootEmpty": true,
      "_timeout": 2000
    }
  ],
  "meta": {
    "mocha": {
      "version": "7.0.1"
    },
    "mochawesome": {
      "options": {
        "quiet": true,
        "reportFilename": "mochawesome",
        "saveHtml": false,
        "saveJson": true,
        "consoleReporter": "spec",
        "useInlineDiffs": false
      },
      "version": "4.1.0"
    },
    "marge": {
      "options": {
        "id": "default",
        "reportDir": "cypress/reports/mocha",
        "quiet": true,
        "overwrite": false,
        "html": false,
        "json": true
      },
      "version": "4.1.0"
    }
  }
}