{
  "stats": {
    "suites": 1,
    "tests": 1,
    "passes": 1,
    "pending": 0,
    "failures": 0,
    "start": "2020-06-25T16:23:22.700Z",
    "end": "2020-06-25T16:24:48.877Z",
    "duration": 86177,
    "testsRegistered": 1,
    "passPercent": 100,
    "pendingPercent": 0,
    "other": 0,
    "hasOther": false,
    "skipped": 0,
    "hasSkipped": false
  },
  "results": [
    {
      "uuid": "fda6154a-7433-4fff-8b9a-84f8fb802580",
      "title": "",
      "fullFile": "cypress\\integration\\TrackWithUs\\Edit Role.spec.js",
      "file": "cypress\\integration\\TrackWithUs\\Edit Role.spec.js",
      "beforeHooks": [],
      "afterHooks": [],
      "tests": [],
      "suites": [
        {
          "uuid": "4906d5df-8a95-4bd0-902b-3253cfda5d47",
          "title": "Testing of TRACKWITHUS WEB",
          "fullFile": "",
          "file": "",
          "beforeHooks": [],
          "afterHooks": [],
          "tests": [
            {
              "title": "Login and View a module",
              "fullTitle": "Testing of TRACKWITHUS WEB Login and View a module",
              "timedOut": null,
              "duration": 78995,
              "state": "passed",
              "speed": "slow",
              "pass": true,
              "fail": false,
              "pending": false,
              "context": null,
              "code": "cy.visit(\"http://trackwithus.test.vggdev.com/\");\ncy.url().should(\"include\", \"/account/login\");\ncy.get('#Email').type(\"faraday@mailinator.com\");\ncy.get('#Password').type(\"P@ssword1\");\ncy.get(':nth-child(4) > button').click({\n  force: true\n});\ncy.wait(2000);\ncy.get('img');\ncy.wait(2000);\ncy.contains('TrackWithUs');\ncy.contains('Dashboard');\ncy.contains('Admin');\ncy.get('#userAdmin > .subnav-item').click({\n  force: true\n});\ncy.wait(2000);\ncy.contains('Manage User Roles');\ncy.contains('Manage Users');\ncy.contains('Manage Devices');\ncy.wait(1000);\ncy.contains('Coordinating State Officers');\ncy.get(':nth-child(1) > :nth-child(4) > #editRole').click({\n  force: true\n});\ncy.wait(2000);\ncy.contains('Close');\ncy.get('.container-fluid > .modal > .modal-dialog > .modal-content > .modal-footer > .btn-custom-red').click({\n  force: true\n});\ncy.contains('Existing Role');\ncy.wait(1000);\ncy.contains('Role Name');\ncy.get(':nth-child(1) > :nth-child(4) > #editRole').click({\n  force: true\n});\ncy.wait(2000);\ncy.contains('Close');\ncy.get('.container-fluid > .modal > .modal-dialog > .modal-content > .modal-footer > .btn-custom-red').click({\n  force: true\n});\ncy.contains('Existing Role');",
              "err": {},
              "uuid": "c3a5e3ce-5f77-47e4-8422-30abafceba9a",
              "parentUUID": "4906d5df-8a95-4bd0-902b-3253cfda5d47",
              "isHook": false,
              "skipped": false
            }
          ],
          "suites": [],
          "passes": [
            "c3a5e3ce-5f77-47e4-8422-30abafceba9a"
          ],
          "failures": [],
          "pending": [],
          "skipped": [],
          "duration": 78995,
          "root": false,
          "rootEmpty": false,
          "_timeout": 2000
        }
      ],
      "passes": [],
      "failures": [],
      "pending": [],
      "skipped": [],
      "duration": 0,
      "root": true,
      "rootEmpty": true,
      "_timeout": 2000
    }
  ],
  "meta": {
    "mocha": {
      "version": "7.0.1"
    },
    "mochawesome": {
      "options": {
        "quiet": true,
        "reportFilename": "mochawesome",
        "saveHtml": false,
        "saveJson": true,
        "consoleReporter": "spec",
        "useInlineDiffs": false
      },
      "version": "4.1.0"
    },
    "marge": {
      "options": {
        "id": "default",
        "reportDir": "cypress/reports/mocha",
        "quiet": true,
        "overwrite": false,
        "html": false,
        "json": true
      },
      "version": "4.1.0"
    }
  }
}