{
  "stats": {
    "suites": 1,
    "tests": 1,
    "passes": 0,
    "pending": 0,
    "failures": 1,
    "start": "2020-05-13T10:54:04.406Z",
    "end": "2020-05-13T10:54:31.389Z",
    "duration": 26983,
    "testsRegistered": 1,
    "passPercent": 0,
    "pendingPercent": 0,
    "other": 0,
    "hasOther": false,
    "skipped": 0,
    "hasSkipped": false
  },
  "results": [
    {
      "uuid": "6694c5f7-4070-4249-97b7-bee23a6d01d8",
      "title": "",
      "fullFile": "cypress\\integration\\TrackWithUs\\createuser.spec.js",
      "file": "cypress\\integration\\TrackWithUs\\createuser.spec.js",
      "beforeHooks": [],
      "afterHooks": [],
      "tests": [],
      "suites": [
        {
          "uuid": "319f7582-e648-44df-b170-405b10460f7f",
          "title": "Testing of TRACKWITHUS WEB",
          "fullFile": "",
          "file": "",
          "beforeHooks": [],
          "afterHooks": [],
          "tests": [
            {
              "title": "Click Admin and create User",
              "fullTitle": "Testing of TRACKWITHUS WEB Click Admin and create User",
              "timedOut": null,
              "duration": 23019,
              "state": "failed",
              "speed": null,
              "pass": false,
              "fail": true,
              "pending": false,
              "context": null,
              "code": "cy.visit(\"http://trackwithus.test.vggdev.com/\");\ncy.url().should(\"include\", \"/account/login\");\ncy.get('#Email').type('blip@mailinator.com');\ncy.get('#Password').type('P@ssword1');\ncy.get(':nth-child(4) > button').click({\n  force: true\n});\ncy.wait(9000);\ncy.contains('Admin');\ncy.get('#userAdmin > .subnav-item').click({\n  force: true\n});\ncy.contains('Manage Users');\ncy.get(':nth-child(2) > .sidenav-item').click({\n  force: true\n});\ncy.wait(800);\ncy.contains('Add User');\ncy.get('#createUser').click({\n  force: true\n});\ncy.wait(800);\ncy.get('#FirstName').type('QAT');\ncy.wait(50);\ncy.get('#LastName').type('Train');\ncy.get('#Email').type('cypt31@qa.com');\ncy.get('#Password').type('P@ssword1');\ncy.get('#ConfirmPassword').type('P@ssword1');\ncy.get('#Mobile').type('08022741823');\ncy.wait(5000);\ncy.get('#selectedUserRoleName').select(\"GSV ME\").should('have.value', '59');\ncy.wait(5000);\ncy.contains('Check All');\ncy.get('#checkAll').click({\n  force: true\n});\ncy.wait(500);\ncy.get('#SelectedState').select('Adamawa State').should('have.value', '3');\ncy.contains('Required Submissions Frequency');\ncy.get('#required_submissions_frequency').select('Monthly').should('have.value', '3');\ncy.get('#submitForm').click({\n  force: true\n});\ncy.contains('Existing Users');",
              "err": {
                "message": "AssertionError: Timed out retrying: Expected to find content: 'Admin' but never did.",
                "estack": "AssertionError: Timed out retrying: Expected to find content: 'Admin' but never did.\nAssertionError: Expected to find element: `:not(script,style):cy-contains('Admin'), [type='submit'][value~='Admin']`, but never found it.\n    at ensureExistence (http://trackwithus.test.vggdev.com/__cypress/runner/cypress_runner.js:137673:32)\n    at Object.ensureElExistence (http://trackwithus.test.vggdev.com/__cypress/runner/cypress_runner.js:137691:12)\n    at ensureExistence (http://trackwithus.test.vggdev.com/__cypress/runner/cypress_runner.js:127867:23)\n    at onFailFn (http://trackwithus.test.vggdev.com/__cypress/runner/cypress_runner.js:127905:9)\n    at tryCatcher (http://trackwithus.test.vggdev.com/__cypress/runner/cypress_runner.js:9065:23)\n    at Promise._settlePromiseFromHandler (http://trackwithus.test.vggdev.com/__cypress/runner/cypress_runner.js:7000:31)\n    at Promise._settlePromise (http://trackwithus.test.vggdev.com/__cypress/runner/cypress_runner.js:7057:18)\n    at Promise._settlePromise0 (http://trackwithus.test.vggdev.com/__cypress/runner/cypress_runner.js:7102:10)\n    at Promise._settlePromises (http://trackwithus.test.vggdev.com/__cypress/runner/cypress_runner.js:7178:18)\n    at _drainQueueStep (http://trackwithus.test.vggdev.com/__cypress/runner/cypress_runner.js:3772:12)\n    at _drainQueue (http://trackwithus.test.vggdev.com/__cypress/runner/cypress_runner.js:3765:9)\n    at Async.../../node_modules/bluebird/js/release/async.js.Async._drainQueues (http://trackwithus.test.vggdev.com/__cypress/runner/cypress_runner.js:3781:5)\n    at Async.drainQueues (http://trackwithus.test.vggdev.com/__cypress/runner/cypress_runner.js:3651:14)",
                "diff": null
              },
              "uuid": "0b96d177-a0e5-46cc-90e2-e8076c070c66",
              "parentUUID": "319f7582-e648-44df-b170-405b10460f7f",
              "isHook": false,
              "skipped": false
            }
          ],
          "suites": [],
          "passes": [],
          "failures": [
            "0b96d177-a0e5-46cc-90e2-e8076c070c66"
          ],
          "pending": [],
          "skipped": [],
          "duration": 23019,
          "root": false,
          "rootEmpty": false,
          "_timeout": 2000
        }
      ],
      "passes": [],
      "failures": [],
      "pending": [],
      "skipped": [],
      "duration": 0,
      "root": true,
      "rootEmpty": true,
      "_timeout": 2000
    }
  ],
  "meta": {
    "mocha": {
      "version": "7.0.1"
    },
    "mochawesome": {
      "options": {
        "quiet": true,
        "reportFilename": "mochawesome",
        "saveHtml": false,
        "saveJson": true,
        "consoleReporter": "spec",
        "useInlineDiffs": false
      },
      "version": "4.1.0"
    },
    "marge": {
      "options": {
        "id": "default",
        "reportDir": "cypress/reports/mocha",
        "quiet": true,
        "overwrite": false,
        "html": false,
        "json": true
      },
      "version": "4.1.0"
    }
  }
}