{
  "stats": {
    "suites": 1,
    "tests": 1,
    "passes": 0,
    "pending": 0,
    "failures": 1,
    "start": "2020-05-13T09:41:40.217Z",
    "end": "2020-05-13T09:42:23.225Z",
    "duration": 43008,
    "testsRegistered": 1,
    "passPercent": 0,
    "pendingPercent": 0,
    "other": 0,
    "hasOther": false,
    "skipped": 0,
    "hasSkipped": false
  },
  "results": [
    {
      "uuid": "31f01e44-c07f-4008-b652-3160216c90cf",
      "title": "",
      "fullFile": "cypress\\integration\\TrackWithUs\\Edit Role.spec.js",
      "file": "cypress\\integration\\TrackWithUs\\Edit Role.spec.js",
      "beforeHooks": [],
      "afterHooks": [],
      "tests": [],
      "suites": [
        {
          "uuid": "a689ffc1-8bc6-4664-9390-5ac34ed26b38",
          "title": "Testing of TRACKWITHUS WEB",
          "fullFile": "",
          "file": "",
          "beforeHooks": [],
          "afterHooks": [],
          "tests": [
            {
              "title": "Login and View a module",
              "fullTitle": "Testing of TRACKWITHUS WEB Login and View a module",
              "timedOut": null,
              "duration": 42936,
              "state": "failed",
              "speed": null,
              "pass": false,
              "fail": true,
              "pending": false,
              "context": null,
              "code": "cy.visit(\"http://trackwithus.test.vggdev.com/\");\ncy.url().should(\"include\", \"/account/login\");\ncy.get('#Email').type(\"faraday@mailinator.com\");\ncy.get('#Password').type(\"P@ssword1\");\ncy.get(':nth-child(4) > button').click({\n  force: true\n});\ncy.wait(2000);\ncy.get('img');\ncy.wait(2000);\ncy.contains('TrackWithUs');\ncy.contains('Dashboard');\ncy.contains('Admin');\ncy.get('#userAdmin > .subnav-item').click({\n  force: true\n});\ncy.wait(2000);\ncy.contains('Manage User Roles');\ncy.contains('Manage Users');\ncy.contains('Manage Devices');\ncy.wait(1000);\ncy.contains('Coordinating State Officers');\ncy.get(':nth-child(1) > :nth-child(4) > #editRole').click({\n  force: true\n});\ncy.wait(2000);\ncy.contains('Close');\ncy.get('.container-fluid > .modal > .modal-dialog > .modal-content > .modal-footer > .btn-custom-red').click({\n  force: true\n});\ncy.contains('Existing Role');\ncy.wait(1000);\ncy.contains('Role Name');\ncy.get(':nth-child(1) > :nth-child(4) > #editRole').click({\n  force: true\n});\ncy.wait(2000);\ncy.contains('Close');\ncy.get('.container-fluid > .modal > .modal-dialog > .modal-content > .modal-footer > .btn-custom-red').click({\n  force: true\n});\ncy.contains('Existing Role');",
              "err": {
                "message": "CypressError: `cy.visit()` failed trying to load:\n\nhttp://trackwithus.test.vggdev.com/\n\nWe attempted to make an http request to this URL but the request failed without a response.\n\nWe received this error at the network level:\n\n  > Error: connect ETIMEDOUT 154.113.17.145:80\n\nCommon situations why this would fail:\n  - you don't have internet access\n  - you forgot to run / boot your web server\n  - your web server isn't accessible\n  - you have weird network configuration settings on your computer\n\nThe stack trace for this error is:\n\nError: connect ETIMEDOUT 154.113.17.145:80\n    at TCPConnectWrap.afterConnect [as oncomplete] (net.js:1128:14)\n",
                "estack": "CypressError: `cy.visit()` failed trying to load:\n\nhttp://trackwithus.test.vggdev.com/\n\nWe attempted to make an http request to this URL but the request failed without a response.\n\nWe received this error at the network level:\n\n  > Error: connect ETIMEDOUT 154.113.17.145:80\n\nCommon situations why this would fail:\n  - you don't have internet access\n  - you forgot to run / boot your web server\n  - your web server isn't accessible\n  - you have weird network configuration settings on your computer\n\nThe stack trace for this error is:\n\nError: connect ETIMEDOUT 154.113.17.145:80\n    at TCPConnectWrap.afterConnect [as oncomplete] (net.js:1128:14)\n\n",
                "diff": null
              },
              "uuid": "81d30e87-fbef-4fb2-a3c2-7d7d704767b4",
              "parentUUID": "a689ffc1-8bc6-4664-9390-5ac34ed26b38",
              "isHook": false,
              "skipped": false
            }
          ],
          "suites": [],
          "passes": [],
          "failures": [
            "81d30e87-fbef-4fb2-a3c2-7d7d704767b4"
          ],
          "pending": [],
          "skipped": [],
          "duration": 42936,
          "root": false,
          "rootEmpty": false,
          "_timeout": 2000
        }
      ],
      "passes": [],
      "failures": [],
      "pending": [],
      "skipped": [],
      "duration": 0,
      "root": true,
      "rootEmpty": true,
      "_timeout": 2000
    }
  ],
  "meta": {
    "mocha": {
      "version": "7.0.1"
    },
    "mochawesome": {
      "options": {
        "quiet": true,
        "reportFilename": "mochawesome",
        "saveHtml": false,
        "saveJson": true,
        "consoleReporter": "spec",
        "useInlineDiffs": false
      },
      "version": "4.1.0"
    },
    "marge": {
      "options": {
        "id": "default",
        "reportDir": "cypress/reports/mocha",
        "quiet": true,
        "overwrite": false,
        "html": false,
        "json": true
      },
      "version": "4.1.0"
    }
  }
}