{
  "stats": {
    "suites": 1,
    "tests": 1,
    "passes": 0,
    "pending": 0,
    "failures": 1,
    "start": "2020-06-26T19:59:26.112Z",
    "end": "2020-06-26T20:00:33.144Z",
    "duration": 67032,
    "testsRegistered": 1,
    "passPercent": 0,
    "pendingPercent": 0,
    "other": 0,
    "hasOther": false,
    "skipped": 0,
    "hasSkipped": false
  },
  "results": [
    {
      "uuid": "bdc26956-c2f8-4f41-8062-078314211c7f",
      "title": "",
      "fullFile": "cypress\\integration\\BIR\\view Metrics.spec.js",
      "file": "cypress\\integration\\BIR\\view Metrics.spec.js",
      "beforeHooks": [],
      "afterHooks": [],
      "tests": [],
      "suites": [
        {
          "uuid": "aaa5d51f-f724-4793-a915-92a3e21bc7ca",
          "title": "Testing of BIR WEB",
          "fullFile": "",
          "file": "",
          "beforeHooks": [],
          "afterHooks": [],
          "tests": [
            {
              "title": "Login Application",
              "fullTitle": "Testing of BIR WEB Login Application",
              "timedOut": null,
              "duration": 58237,
              "state": "failed",
              "speed": null,
              "pass": false,
              "fail": true,
              "pending": false,
              "context": null,
              "code": "cy.visit(\"https://nsioreporting2.test.vggdev.com/\");\ncy.url().should(\"include\", \"/Account/Login\");\ncy.get('#Email').type(\"troy@mailinator.com\");\ncy.get('#Password').type(\"P@ssword1\");\ncy.get('#loginForm > div:nth-child(4) > button').click({\n  force: true\n});\ncy.wait(7000);\ncy.get('img');\ncy.contains('Business Intelligence & Reporting Tool');\ncy.contains('Dashboard');\ncy.wait(2000);\ncy.contains('Welcome, Troy'); //View Metrics\ncy.contains('Manage Metrics');\ncy.wait(5000);\ncy.get('.subnav-list > :nth-child(2) > .subnav-item').click({\n  force: true\n});\ncy.wait(3000);\ncy.contains('Manage Business Metrics');\ncy.get(':nth-child(2) > .sidenav-item').click({\n  force: true\n});\ncy.get(2000);\ncy.get(':nth-child(1) > :nth-child(5) > #editProcessForm').click({\n  force: true\n});\ncy.contains('Edit Metric Form');\ncy.wait(500);\ncy.get('#processName').clear().type('New Metric');\ncy.wait(1000);\ncy.contains('Update');\ncy.get('#submitForm').click({\n  force: true\n});\ncy.wait(2000);\ncy.contains('Existing Metrics');",
              "err": {
                "message": "AssertionError: Timed out retrying: Expected to find content: 'Dashboard' but never did.",
                "estack": "AssertionError: Timed out retrying: Expected to find content: 'Dashboard' but never did.\n    at Context.eval (eval at <anonymous> (https://nsioreporting2.test.vggdev.com/__cypress/runner/cypress_runner.js:161417:16), <anonymous>:17:8)",
                "diff": null
              },
              "uuid": "55943880-4941-4fce-849f-c6f285e89e89",
              "parentUUID": "aaa5d51f-f724-4793-a915-92a3e21bc7ca",
              "isHook": false,
              "skipped": false
            }
          ],
          "suites": [],
          "passes": [],
          "failures": [
            "55943880-4941-4fce-849f-c6f285e89e89"
          ],
          "pending": [],
          "skipped": [],
          "duration": 58237,
          "root": false,
          "rootEmpty": false,
          "_timeout": 2000
        }
      ],
      "passes": [],
      "failures": [],
      "pending": [],
      "skipped": [],
      "duration": 0,
      "root": true,
      "rootEmpty": true,
      "_timeout": 2000
    }
  ],
  "meta": {
    "mocha": {
      "version": "7.0.1"
    },
    "mochawesome": {
      "options": {
        "quiet": true,
        "reportFilename": "mochawesome",
        "saveHtml": false,
        "saveJson": true,
        "consoleReporter": "spec",
        "useInlineDiffs": false
      },
      "version": "4.1.0"
    },
    "marge": {
      "options": {
        "id": "default",
        "reportDir": "cypress/reports/mocha",
        "quiet": true,
        "overwrite": false,
        "html": false,
        "json": true
      },
      "version": "4.1.0"
    }
  }
}